This is pdfTeX, Version 3.141592653-2.6-1.40.24 (TeX Live 2022) (preloaded format=pdflatex 2023.3.29)  10 MAY 2023 09:58
entering extended mode
 restricted \write18 enabled.
 %&-line parsing enabled.
**/Users/mahamilton/Documents/WIP/ready4/Code/Modelling/Programs/ttu_cs_aqol_chu_csp/Data/Fake/Reports/Catalogue/AAA_TTU_MDL_CTG.tex
(/Users/mahamilton/Documents/WIP/ready4/Code/Modelling/Programs/ttu_cs_aqol_chu_csp/Data/Fake/Reports/Catalogue/AAA_TTU_MDL_CTG.tex
LaTeX2e <2022-11-01> patch level 1
L3 programming layer <2023-02-22> (/Users/mahamilton/Library/TinyTeX/texmf-dist/tex/latex/base/article.cls
Document Class: article 2022/07/02 v1.4n Standard LaTeX document class
(/Users/mahamilton/Library/TinyTeX/texmf-dist/tex/latex/base/size10.clo
File: size10.clo 2022/07/02 v1.4n Standard LaTeX file (size option)
)
\c@part=\count185
\c@section=\count186
\c@subsection=\count187
\c@subsubsection=\count188
\c@paragraph=\count189
\c@subparagraph=\count190
\c@figure=\count191
\c@table=\count192
\abovecaptionskip=\skip48
\belowcaptionskip=\skip49
\bibindent=\dimen140
) (/Users/mahamilton/Library/TinyTeX/texmf-dist/tex/latex/amsmath/amsmath.sty
Package: amsmath 2022/04/08 v2.17n AMS math features
\@mathmargin=\skip50
For additional information on amsmath, use the `?' option.
(/Users/mahamilton/Library/TinyTeX/texmf-dist/tex/latex/amsmath/amstext.sty
Package: amstext 2021/08/26 v2.01 AMS text
(/Users/mahamilton/Library/TinyTeX/texmf-dist/tex/latex/amsmath/amsgen.sty
File: amsgen.sty 1999/11/30 v2.0 generic functions
\@emptytoks=\toks16
\ex@=\dimen141
)) (/Users/mahamilton/Library/TinyTeX/texmf-dist/tex/latex/amsmath/amsbsy.sty
Package: amsbsy 1999/11/29 v1.2d Bold Symbols
\pmbraise@=\dimen142
) (/Users/mahamilton/Library/TinyTeX/texmf-dist/tex/latex/amsmath/amsopn.sty
Package: amsopn 2022/04/08 v2.04 operator names
)
\inf@bad=\count193
LaTeX Info: Redefining \frac on input line 234.
\uproot@=\count194
\leftroot@=\count195
LaTeX Info: Redefining \overline on input line 399.
LaTeX Info: Redefining \colon on input line 410.
\classnum@=\count196
\DOTSCASE@=\count197
LaTeX Info: Redefining \ldots on input line 496.
LaTeX Info: Redefining \dots on input line 499.
LaTeX Info: Redefining \cdots on input line 620.
\Mathstrutbox@=\box51
\strutbox@=\box52
LaTeX Info: Redefining \big on input line 722.
LaTeX Info: Redefining \Big on input line 723.
LaTeX Info: Redefining \bigg on input line 724.
LaTeX Info: Redefining \Bigg on input line 725.
\big@size=\dimen143
LaTeX Font Info:    Redeclaring font encoding OML on input line 743.
LaTeX Font Info:    Redeclaring font encoding OMS on input line 744.
\macc@depth=\count198
LaTeX Info: Redefining \bmod on input line 905.
LaTeX Info: Redefining \pmod on input line 910.
LaTeX Info: Redefining \smash on input line 940.
LaTeX Info: Redefining \relbar on input line 970.
LaTeX Info: Redefining \Relbar on input line 971.
\c@MaxMatrixCols=\count199
\dotsspace@=\muskip16
\c@parentequation=\count266
\dspbrk@lvl=\count267
\tag@help=\toks17
\row@=\count268
\column@=\count269
\maxfields@=\count270
\andhelp@=\toks18
\eqnshift@=\dimen144
\alignsep@=\dimen145
\tagshift@=\dimen146
\tagwidth@=\dimen147
\totwidth@=\dimen148
\lineht@=\dimen149
\@envbody=\toks19
\multlinegap=\skip51
\multlinetaggap=\skip52
\mathdisplay@stack=\toks20
LaTeX Info: Redefining \[ on input line 2953.
LaTeX Info: Redefining \] on input line 2954.
) (/Users/mahamilton/Library/TinyTeX/texmf-dist/tex/latex/amsfonts/amssymb.sty
Package: amssymb 2013/01/14 v3.01 AMS font symbols
(/Users/mahamilton/Library/TinyTeX/texmf-dist/tex/latex/amsfonts/amsfonts.sty
Package: amsfonts 2013/01/14 v3.01 Basic AMSFonts support
\symAMSa=\mathgroup4
\symAMSb=\mathgroup5
LaTeX Font Info:    Redeclaring math symbol \hbar on input line 98.
LaTeX Font Info:    Overwriting math alphabet `\mathfrak' in version `bold'
(Font)                  U/euf/m/n --> U/euf/b/n on input line 106.
)) (/Users/mahamilton/Library/TinyTeX/texmf-dist/tex/latex/lm/lmodern.sty
Package: lmodern 2015/05/01 v1.6.1 Latin Modern Fonts
LaTeX Font Info:    Overwriting symbol font `operators' in version `normal'
(Font)                  OT1/cmr/m/n --> OT1/lmr/m/n on input line 22.
LaTeX Font Info:    Overwriting symbol font `letters' in version `normal'
(Font)                  OML/cmm/m/it --> OML/lmm/m/it on input line 23.
LaTeX Font Info:    Overwriting symbol font `symbols' in version `normal'
(Font)                  OMS/cmsy/m/n --> OMS/lmsy/m/n on input line 24.
LaTeX Font Info:    Overwriting symbol font `largesymbols' in version `normal'
(Font)                  OMX/cmex/m/n --> OMX/lmex/m/n on input line 25.
LaTeX Font Info:    Overwriting symbol font `operators' in version `bold'
(Font)                  OT1/cmr/bx/n --> OT1/lmr/bx/n on input line 26.
LaTeX Font Info:    Overwriting symbol font `letters' in version `bold'
(Font)                  OML/cmm/b/it --> OML/lmm/b/it on input line 27.
LaTeX Font Info:    Overwriting symbol font `symbols' in version `bold'
(Font)                  OMS/cmsy/b/n --> OMS/lmsy/b/n on input line 28.
LaTeX Font Info:    Overwriting symbol font `largesymbols' in version `bold'
(Font)                  OMX/cmex/m/n --> OMX/lmex/m/n on input line 29.
LaTeX Font Info:    Overwriting math alphabet `\mathbf' in version `normal'
(Font)                  OT1/cmr/bx/n --> OT1/lmr/bx/n on input line 31.
LaTeX Font Info:    Overwriting math alphabet `\mathsf' in version `normal'
(Font)                  OT1/cmss/m/n --> OT1/lmss/m/n on input line 32.
LaTeX Font Info:    Overwriting math alphabet `\mathit' in version `normal'
(Font)                  OT1/cmr/m/it --> OT1/lmr/m/it on input line 33.
LaTeX Font Info:    Overwriting math alphabet `\mathtt' in version `normal'
(Font)                  OT1/cmtt/m/n --> OT1/lmtt/m/n on input line 34.
LaTeX Font Info:    Overwriting math alphabet `\mathbf' in version `bold'
(Font)                  OT1/cmr/bx/n --> OT1/lmr/bx/n on input line 35.
LaTeX Font Info:    Overwriting math alphabet `\mathsf' in version `bold'
(Font)                  OT1/cmss/bx/n --> OT1/lmss/bx/n on input line 36.
LaTeX Font Info:    Overwriting math alphabet `\mathit' in version `bold'
(Font)                  OT1/cmr/bx/it --> OT1/lmr/bx/it on input line 37.
LaTeX Font Info:    Overwriting math alphabet `\mathtt' in version `bold'
(Font)                  OT1/cmtt/m/n --> OT1/lmtt/m/n on input line 38.
) (/Users/mahamilton/Library/TinyTeX/texmf-dist/tex/generic/iftex/iftex.sty
Package: iftex 2022/02/03 v1.0f TeX engine tests
) (/Users/mahamilton/Library/TinyTeX/texmf-dist/tex/latex/base/fontenc.sty
Package: fontenc 2021/04/29 v2.0v Standard LaTeX package
LaTeX Font Info:    Trying to load font information for T1+lmr on input line 112.
(/Users/mahamilton/Library/TinyTeX/texmf-dist/tex/latex/lm/t1lmr.fd
File: t1lmr.fd 2015/05/01 v1.6.1 Font defs for Latin Modern
)) (/Users/mahamilton/Library/TinyTeX/texmf-dist/tex/latex/base/inputenc.sty
Package: inputenc 2021/02/14 v1.3d Input encoding file
\inpenc@prehook=\toks21
\inpenc@posthook=\toks22
) (/Users/mahamilton/Library/TinyTeX/texmf-dist/tex/latex/base/textcomp.sty
Package: textcomp 2020/02/02 v2.0n Standard LaTeX package
) (/Users/mahamilton/Library/TinyTeX/texmf-dist/tex/latex/microtype/microtype.sty
Package: microtype 2023/03/13 v3.1a Micro-typographical refinements (RS)
(/Users/mahamilton/Library/TinyTeX/texmf-dist/tex/latex/graphics/keyval.sty
Package: keyval 2022/05/29 v1.15 key=value parser (DPC)
\KV@toks@=\toks23
) (/Users/mahamilton/Library/TinyTeX/texmf-dist/tex/latex/etoolbox/etoolbox.sty
Package: etoolbox 2020/10/05 v2.5k e-TeX tools for LaTeX (JAW)
\etb@tempcnta=\count271
)
\MT@toks=\toks24
\MT@tempbox=\box53
\MT@count=\count272
LaTeX Info: Redefining \noprotrusionifhmode on input line 1059.
LaTeX Info: Redefining \leftprotrusion on input line 1060.
\MT@prot@toks=\toks25
LaTeX Info: Redefining \rightprotrusion on input line 1078.
LaTeX Info: Redefining \textls on input line 1368.
\MT@outer@kern=\dimen150
LaTeX Info: Redefining \textmicrotypecontext on input line 1988.
\MT@listname@count=\count273
(/Users/mahamilton/Library/TinyTeX/texmf-dist/tex/latex/microtype/microtype-pdftex.def
File: microtype-pdftex.def 2023/03/13 v3.1a Definitions specific to pdftex (RS)
LaTeX Info: Redefining \lsstyle on input line 902.
LaTeX Info: Redefining \lslig on input line 902.
\MT@outer@space=\skip53
)
Package microtype Info: Loading configuration file microtype.cfg.
(/Users/mahamilton/Library/TinyTeX/texmf-dist/tex/latex/microtype/microtype.cfg
File: microtype.cfg 2023/03/13 v3.1a microtype main configuration file (RS)
)) (/Users/mahamilton/Library/TinyTeX/texmf-dist/tex/latex/parskip/parskip.sty
Package: parskip 2021-03-14 v2.0h non-zero parskip adjustments
(/Users/mahamilton/Library/TinyTeX/texmf-dist/tex/latex/kvoptions/kvoptions.sty
Package: kvoptions 2022-06-15 v3.15 Key value format for package options (HO)
(/Users/mahamilton/Library/TinyTeX/texmf-dist/tex/generic/ltxcmds/ltxcmds.sty
Package: ltxcmds 2020-05-10 v1.25 LaTeX kernel commands for general use (HO)
) (/Users/mahamilton/Library/TinyTeX/texmf-dist/tex/latex/kvsetkeys/kvsetkeys.sty
Package: kvsetkeys 2022-10-05 v1.19 Key value parser (HO)
))) (/Users/mahamilton/Library/TinyTeX/texmf-dist/tex/latex/xcolor/xcolor.sty
Package: xcolor 2022/06/12 v2.14 LaTeX color extensions (UK)
(/Users/mahamilton/Library/TinyTeX/texmf-dist/tex/latex/graphics-cfg/color.cfg
File: color.cfg 2016/01/02 v1.6 sample color configuration
)
Package xcolor Info: Driver file: pdftex.def on input line 227.
(/Users/mahamilton/Library/TinyTeX/texmf-dist/tex/latex/graphics-def/pdftex.def
File: pdftex.def 2022/09/22 v1.2b Graphics/color driver for pdftex
) (/Users/mahamilton/Library/TinyTeX/texmf-dist/tex/latex/graphics/mathcolor.ltx)
Package xcolor Info: Model `cmy' substituted by `cmy0' on input line 1353.
Package xcolor Info: Model `hsb' substituted by `rgb' on input line 1357.
Package xcolor Info: Model `RGB' extended on input line 1369.
Package xcolor Info: Model `HTML' substituted by `rgb' on input line 1371.
Package xcolor Info: Model `Hsb' substituted by `hsb' on input line 1372.
Package xcolor Info: Model `tHsb' substituted by `hsb' on input line 1373.
Package xcolor Info: Model `HSB' substituted by `hsb' on input line 1374.
Package xcolor Info: Model `Gray' substituted by `gray' on input line 1375.
Package xcolor Info: Model `wave' substituted by `hsb' on input line 1376.
) (/Users/mahamilton/Library/TinyTeX/texmf-dist/tex/latex/geometry/geometry.sty
Package: geometry 2020/01/02 v5.9 Page Geometry
(/Users/mahamilton/Library/TinyTeX/texmf-dist/tex/generic/iftex/ifvtex.sty
Package: ifvtex 2019/10/25 v1.7 ifvtex legacy package. Use iftex instead.
)
\Gm@cnth=\count274
\Gm@cntv=\count275
\c@Gm@tempcnt=\count276
\Gm@bindingoffset=\dimen151
\Gm@wd@mp=\dimen152
\Gm@odd@mp=\dimen153
\Gm@even@mp=\dimen154
\Gm@layoutwidth=\dimen155
\Gm@layoutheight=\dimen156
\Gm@layouthoffset=\dimen157
\Gm@layoutvoffset=\dimen158
\Gm@dimlist=\toks26
) (/Users/mahamilton/Library/TinyTeX/texmf-dist/tex/latex/tools/longtable.sty
Package: longtable 2021-09-01 v4.17 Multi-page Table package (DPC)
\LTleft=\skip54
\LTright=\skip55
\LTpre=\skip56
\LTpost=\skip57
\LTchunksize=\count277
\LTcapwidth=\dimen159
\LT@head=\box54
\LT@firsthead=\box55
\LT@foot=\box56
\LT@lastfoot=\box57
\LT@gbox=\box58
\LT@cols=\count278
\LT@rows=\count279
\c@LT@tables=\count280
\c@LT@chunks=\count281
\LT@p@ftn=\toks27
) (/Users/mahamilton/Library/TinyTeX/texmf-dist/tex/latex/booktabs/booktabs.sty
Package: booktabs 2020/01/12 v1.61803398 Publication quality tables
\heavyrulewidth=\dimen160
\lightrulewidth=\dimen161
\cmidrulewidth=\dimen162
\belowrulesep=\dimen163
\belowbottomsep=\dimen164
\aboverulesep=\dimen165
\abovetopsep=\dimen166
\cmidrulesep=\dimen167
\cmidrulekern=\dimen168
\defaultaddspace=\dimen169
\@cmidla=\count282
\@cmidlb=\count283
\@aboverulesep=\dimen170
\@belowrulesep=\dimen171
\@thisruleclass=\count284
\@lastruleclass=\count285
\@thisrulewidth=\dimen172
) (/Users/mahamilton/Library/TinyTeX/texmf-dist/tex/latex/tools/array.sty
Package: array 2022/09/04 v2.5g Tabular extension package (FMi)
\col@sep=\dimen173
\ar@mcellbox=\box59
\extrarowheight=\dimen174
\NC@list=\toks28
\extratabsurround=\skip58
\backup@length=\skip59
\ar@cellbox=\box60
) (/Users/mahamilton/Library/TinyTeX/texmf-dist/tex/latex/tools/calc.sty
Package: calc 2017/05/25 v4.3 Infix arithmetic (KKT,FJ)
\calc@Acount=\count286
\calc@Bcount=\count287
\calc@Adimen=\dimen175
\calc@Bdimen=\dimen176
\calc@Askip=\skip60
\calc@Bskip=\skip61
LaTeX Info: Redefining \setlength on input line 80.
LaTeX Info: Redefining \addtolength on input line 81.
\calc@Ccount=\count288
\calc@Cskip=\skip62
) (/Users/mahamilton/Library/TinyTeX/texmf-dist/tex/latex/mdwtools/footnote.sty
Package: footnote 1997/01/28 1.13 Save footnotes around boxes
\fn@notes=\box61
\fn@width=\dimen177
) (/Users/mahamilton/Library/TinyTeX/texmf-dist/tex/latex/graphics/graphicx.sty
Package: graphicx 2021/09/16 v1.2d Enhanced LaTeX Graphics (DPC,SPQR)
(/Users/mahamilton/Library/TinyTeX/texmf-dist/tex/latex/graphics/graphics.sty
Package: graphics 2022/03/10 v1.4e Standard LaTeX Graphics (DPC,SPQR)
(/Users/mahamilton/Library/TinyTeX/texmf-dist/tex/latex/graphics/trig.sty
Package: trig 2021/08/11 v1.11 sin cos tan (DPC)
) (/Users/mahamilton/Library/TinyTeX/texmf-dist/tex/latex/graphics-cfg/graphics.cfg
File: graphics.cfg 2016/06/04 v1.11 sample graphics configuration
)
Package graphics Info: Driver file: pdftex.def on input line 107.
)
\Gin@req@height=\dimen178
\Gin@req@width=\dimen179
) (/Users/mahamilton/Library/TinyTeX/texmf-dist/tex/latex/float/float.sty
Package: float 2001/11/08 v1.3d Float enhancements (AL)
\c@float@type=\count289
\float@exts=\toks29
\float@box=\box62
\@float@everytoks=\toks30
\@floatcapt=\box63
) (/Users/mahamilton/Library/TinyTeX/texmf-dist/tex/latex/pdflscape/pdflscape.sty
Package: pdflscape 2022-10-27 v0.13 Display of landscape pages in PDF
(/Users/mahamilton/Library/TinyTeX/texmf-dist/tex/latex/pdflscape/pdflscape-nometadata.sty
Package: pdflscape-nometadata 2022-10-28 v0.13 Display of landscape pages in PDF (HO)
(/Users/mahamilton/Library/TinyTeX/texmf-dist/tex/latex/graphics/lscape.sty
Package: lscape 2020/05/28 v3.02 Landscape Pages (DPC)
)
Package pdflscape Info: Auto-detected driver: pdftex on input line 81.
)) (/Users/mahamilton/Library/TinyTeX/texmf-dist/tex/latex/hyperref/hyperref.sty
Package: hyperref 2023-02-07 v7.00v Hypertext links for LaTeX
(/Users/mahamilton/Library/TinyTeX/texmf-dist/tex/generic/pdftexcmds/pdftexcmds.sty
Package: pdftexcmds 2020-06-27 v0.33 Utility functions of pdfTeX for LuaTeX (HO)
(/Users/mahamilton/Library/TinyTeX/texmf-dist/tex/generic/infwarerr/infwarerr.sty
Package: infwarerr 2019/12/03 v1.5 Providing info/warning/error messages (HO)
)
Package pdftexcmds Info: \pdf@primitive is available.
Package pdftexcmds Info: \pdf@ifprimitive is available.
Package pdftexcmds Info: \pdfdraftmode found.
) (/Users/mahamilton/Library/TinyTeX/texmf-dist/tex/generic/kvdefinekeys/kvdefinekeys.sty
Package: kvdefinekeys 2019-12-19 v1.6 Define keys (HO)
) (/Users/mahamilton/Library/TinyTeX/texmf-dist/tex/generic/pdfescape/pdfescape.sty
Package: pdfescape 2019/12/09 v1.15 Implements pdfTeX's escape features (HO)
) (/Users/mahamilton/Library/TinyTeX/texmf-dist/tex/latex/hycolor/hycolor.sty
Package: hycolor 2020-01-27 v1.10 Color options for hyperref/bookmark (HO)
) (/Users/mahamilton/Library/TinyTeX/texmf-dist/tex/latex/letltxmacro/letltxmacro.sty
Package: letltxmacro 2019/12/03 v1.6 Let assignment for LaTeX macros (HO)
) (/Users/mahamilton/Library/TinyTeX/texmf-dist/tex/latex/auxhook/auxhook.sty
Package: auxhook 2019-12-17 v1.6 Hooks for auxiliary files (HO)
) (/Users/mahamilton/Library/TinyTeX/texmf-dist/tex/latex/hyperref/nameref.sty
Package: nameref 2022-05-17 v2.50 Cross-referencing by name of section
(/Users/mahamilton/Library/TinyTeX/texmf-dist/tex/latex/refcount/refcount.sty
Package: refcount 2019/12/15 v3.6 Data extraction from label references (HO)
) (/Users/mahamilton/Library/TinyTeX/texmf-dist/tex/generic/gettitlestring/gettitlestring.sty
Package: gettitlestring 2019/12/15 v1.6 Cleanup title references (HO)
)
\c@section@level=\count290
)
\@linkdim=\dimen180
\Hy@linkcounter=\count291
\Hy@pagecounter=\count292
(/Users/mahamilton/Library/TinyTeX/texmf-dist/tex/latex/hyperref/pd1enc.def
File: pd1enc.def 2023-02-07 v7.00v Hyperref: PDFDocEncoding definition (HO)
Now handling font encoding PD1 ...
... no UTF-8 mapping file for font encoding PD1
) (/Users/mahamilton/Library/TinyTeX/texmf-dist/tex/generic/intcalc/intcalc.sty
Package: intcalc 2019/12/15 v1.3 Expandable calculations with integers (HO)
) (/Users/mahamilton/Library/TinyTeX/texmf-dist/tex/generic/etexcmds/etexcmds.sty
Package: etexcmds 2019/12/15 v1.7 Avoid name clashes with e-TeX commands (HO)
)
\Hy@SavedSpaceFactor=\count293
(/Users/mahamilton/Library/TinyTeX/texmf-dist/tex/latex/hyperref/puenc.def
File: puenc.def 2023-02-07 v7.00v Hyperref: PDF Unicode definition (HO)
Now handling font encoding PU ...
... no UTF-8 mapping file for font encoding PU
)
Package hyperref Info: Option `unicode' set `true' on input line 4060.
Package hyperref Info: Hyper figures OFF on input line 4177.
Package hyperref Info: Link nesting OFF on input line 4182.
Package hyperref Info: Hyper index ON on input line 4185.
Package hyperref Info: Plain pages OFF on input line 4192.
Package hyperref Info: Backreferencing OFF on input line 4197.
Package hyperref Info: Implicit mode ON; LaTeX internals redefined.
Package hyperref Info: Bookmarks ON on input line 4425.
\c@Hy@tempcnt=\count294
(/Users/mahamilton/Library/TinyTeX/texmf-dist/tex/latex/url/url.sty
\Urlmuskip=\muskip17
Package: url 2013/09/16  ver 3.4  Verb mode for urls, etc.
)
LaTeX Info: Redefining \url on input line 4763.
\XeTeXLinkMargin=\dimen181
(/Users/mahamilton/Library/TinyTeX/texmf-dist/tex/generic/bitset/bitset.sty
Package: bitset 2019/12/09 v1.3 Handle bit-vector datatype (HO)
(/Users/mahamilton/Library/TinyTeX/texmf-dist/tex/generic/bigintcalc/bigintcalc.sty
Package: bigintcalc 2019/12/15 v1.5 Expandable calculations on big integers (HO)
))
\Fld@menulength=\count295
\Field@Width=\dimen182
\Fld@charsize=\dimen183
Package hyperref Info: Hyper figures OFF on input line 6042.
Package hyperref Info: Link nesting OFF on input line 6047.
Package hyperref Info: Hyper index ON on input line 6050.
Package hyperref Info: backreferencing OFF on input line 6057.
Package hyperref Info: Link coloring OFF on input line 6062.
Package hyperref Info: Link coloring with OCG OFF on input line 6067.
Package hyperref Info: PDF/A mode OFF on input line 6072.
(/Users/mahamilton/Library/TinyTeX/texmf-dist/tex/latex/base/atbegshi-ltx.sty
Package: atbegshi-ltx 2021/01/10 v1.0c Emulation of the original atbegshi
package with kernel methods
)
\Hy@abspage=\count296
\c@Item=\count297
\c@Hfootnote=\count298
)
Package hyperref Info: Driver (autodetected): hpdftex.
(/Users/mahamilton/Library/TinyTeX/texmf-dist/tex/latex/hyperref/hpdftex.def
File: hpdftex.def 2023-02-07 v7.00v Hyperref driver for pdfTeX
(/Users/mahamilton/Library/TinyTeX/texmf-dist/tex/latex/base/atveryend-ltx.sty
Package: atveryend-ltx 2020/08/19 v1.0a Emulation of the original atveryend package
with kernel methods
)
\Fld@listcount=\count299
\c@bookmark@seq@number=\count300
(/Users/mahamilton/Library/TinyTeX/texmf-dist/tex/latex/rerunfilecheck/rerunfilecheck.sty
Package: rerunfilecheck 2022-07-10 v1.10 Rerun checks for auxiliary files (HO)
(/Users/mahamilton/Library/TinyTeX/texmf-dist/tex/generic/uniquecounter/uniquecounter.sty
Package: uniquecounter 2019/12/15 v1.4 Provide unlimited unique counter (HO)
)
Package uniquecounter Info: New unique counter `rerunfilecheck' on input line 285.
)
\Hy@SectionHShift=\skip63
) (/Users/mahamilton/Library/TinyTeX/texmf-dist/tex/latex/l3backend/l3backend-pdftex.def
File: l3backend-pdftex.def 2023-01-16 L3 backend support: PDF output (pdfTeX)
\l__color_backend_stack_int=\count301
\l__pdf_internal_box=\box64
) (./AAA_TTU_MDL_CTG.aux

LaTeX Warning: Label `tab:' multiply defined.


LaTeX Warning: Label `tab:' multiply defined.


LaTeX Warning: Label `tab:' multiply defined.


LaTeX Warning: Label `tab:' multiply defined.


LaTeX Warning: Label `tab:' multiply defined.


LaTeX Warning: Label `tab:' multiply defined.


LaTeX Warning: Label `tab:' multiply defined.


LaTeX Warning: Label `tab:' multiply defined.


LaTeX Warning: Label `tab:' multiply defined.


LaTeX Warning: Label `tab:' multiply defined.


LaTeX Warning: Label `tab:' multiply defined.

)
\openout1 = `AAA_TTU_MDL_CTG.aux'.

LaTeX Font Info:    Checking defaults for OML/cmm/m/it on input line 98.
LaTeX Font Info:    ... okay on input line 98.
LaTeX Font Info:    Checking defaults for OMS/cmsy/m/n on input line 98.
LaTeX Font Info:    ... okay on input line 98.
LaTeX Font Info:    Checking defaults for OT1/cmr/m/n on input line 98.
LaTeX Font Info:    ... okay on input line 98.
LaTeX Font Info:    Checking defaults for T1/cmr/m/n on input line 98.
LaTeX Font Info:    ... okay on input line 98.
LaTeX Font Info:    Checking defaults for TS1/cmr/m/n on input line 98.
LaTeX Font Info:    ... okay on input line 98.
LaTeX Font Info:    Checking defaults for OMX/cmex/m/n on input line 98.
LaTeX Font Info:    ... okay on input line 98.
LaTeX Font Info:    Checking defaults for U/cmr/m/n on input line 98.
LaTeX Font Info:    ... okay on input line 98.
LaTeX Font Info:    Checking defaults for PD1/pdf/m/n on input line 98.
LaTeX Font Info:    ... okay on input line 98.
LaTeX Font Info:    Checking defaults for PU/pdf/m/n on input line 98.
LaTeX Font Info:    ... okay on input line 98.
LaTeX Info: Redefining \microtypecontext on input line 98.
Package microtype Info: Applying patch `item' on input line 98.
Package microtype Info: Applying patch `toc' on input line 98.
Package microtype Info: Applying patch `eqnum' on input line 98.
Package microtype Info: Applying patch `footnote' on input line 98.
Package microtype Info: Applying patch `verbatim' on input line 98.
Package microtype Info: Generating PDF output.
Package microtype Info: Character protrusion enabled (level 2).
Package microtype Info: Using protrusion set `basicmath'.
Package microtype Info: Automatic font expansion enabled (level 2),
(microtype)             stretch: 20, shrink: 20, step: 1, non-selected.
Package microtype Info: Using default expansion set `alltext-nott'.
LaTeX Info: Redefining \showhyphens on input line 98.
Package microtype Info: No adjustment of tracking.
Package microtype Info: No adjustment of interword spacing.
Package microtype Info: No adjustment of character kerning.
(/Users/mahamilton/Library/TinyTeX/texmf-dist/tex/latex/microtype/mt-cmr.cfg
File: mt-cmr.cfg 2013/05/19 v2.2 microtype config. file: Computer Modern Roman (RS)
) (/Users/mahamilton/Library/TinyTeX/texmf-dist/tex/latex/epstopdf-pkg/epstopdf-base.sty
Package: epstopdf-base 2020-01-24 v2.11 Base part for package epstopdf
Package epstopdf-base Info: Redefining graphics rule for `.eps' on input line 485.
(/Users/mahamilton/Library/TinyTeX/texmf-dist/tex/latex/latexconfig/epstopdf-sys.cfg
File: epstopdf-sys.cfg 2010/07/13 v1.3 Configuration of (r)epstopdf for TeX Live
))
*geometry* driver: auto-detecting
*geometry* detected driver: pdftex
*geometry* verbose mode - [ preamble ] result:
* driver: pdftex
* paper: <default>
* layout: <same size as paper>
* layoutoffset:(h,v)=(0.0pt,0.0pt)
* modes: 
* h-part:(L,W,R)=(72.26999pt, 469.75502pt, 72.26999pt)
* v-part:(T,H,B)=(72.26999pt, 650.43001pt, 72.26999pt)
* \paperwidth=614.295pt
* \paperheight=794.96999pt
* \textwidth=469.75502pt
* \textheight=650.43001pt
* \oddsidemargin=0.0pt
* \evensidemargin=0.0pt
* \topmargin=-37.0pt
* \headheight=12.0pt
* \headsep=25.0pt
* \topskip=10.0pt
* \footskip=30.0pt
* \marginparwidth=65.0pt
* \marginparsep=11.0pt
* \columnsep=10.0pt
* \skip\footins=9.0pt plus 4.0pt minus 2.0pt
* \hoffset=0.0pt
* \voffset=0.0pt
* \mag=1000
* \@twocolumnfalse
* \@twosidefalse
* \@mparswitchfalse
* \@reversemarginfalse
* (1in=72.27pt=25.4mm, 1cm=28.453pt)

Package hyperref Info: Link coloring OFF on input line 98.
(./AAA_TTU_MDL_CTG.out) (./AAA_TTU_MDL_CTG.out)
\@outlinefile=\write3
\openout3 = `AAA_TTU_MDL_CTG.out'.

LaTeX Font Info:    Trying to load font information for OT1+lmr on input line 100.
(/Users/mahamilton/Library/TinyTeX/texmf-dist/tex/latex/lm/ot1lmr.fd
File: ot1lmr.fd 2015/05/01 v1.6.1 Font defs for Latin Modern
)
LaTeX Font Info:    Trying to load font information for OML+lmm on input line 100.
(/Users/mahamilton/Library/TinyTeX/texmf-dist/tex/latex/lm/omllmm.fd
File: omllmm.fd 2015/05/01 v1.6.1 Font defs for Latin Modern
)
LaTeX Font Info:    Trying to load font information for OMS+lmsy on input line 100.
(/Users/mahamilton/Library/TinyTeX/texmf-dist/tex/latex/lm/omslmsy.fd
File: omslmsy.fd 2015/05/01 v1.6.1 Font defs for Latin Modern
)
LaTeX Font Info:    Trying to load font information for OMX+lmex on input line 100.
(/Users/mahamilton/Library/TinyTeX/texmf-dist/tex/latex/lm/omxlmex.fd
File: omxlmex.fd 2015/05/01 v1.6.1 Font defs for Latin Modern
)
LaTeX Font Info:    External font `lmex10' loaded for size
(Font)              <12> on input line 100.
LaTeX Font Info:    External font `lmex10' loaded for size
(Font)              <8> on input line 100.
LaTeX Font Info:    External font `lmex10' loaded for size
(Font)              <6> on input line 100.
LaTeX Font Info:    Trying to load font information for U+msa on input line 100.
(/Users/mahamilton/Library/TinyTeX/texmf-dist/tex/latex/amsfonts/umsa.fd
File: umsa.fd 2013/01/14 v3.01 AMS symbols A
) (/Users/mahamilton/Library/TinyTeX/texmf-dist/tex/latex/microtype/mt-msa.cfg
File: mt-msa.cfg 2006/02/04 v1.1 microtype config. file: AMS symbols (a) (RS)
)
LaTeX Font Info:    Trying to load font information for U+msb on input line 100.
(/Users/mahamilton/Library/TinyTeX/texmf-dist/tex/latex/amsfonts/umsb.fd
File: umsb.fd 2013/01/14 v3.01 AMS symbols B
) (/Users/mahamilton/Library/TinyTeX/texmf-dist/tex/latex/microtype/mt-msb.cfg
File: mt-msb.cfg 2005/06/01 v1.0 microtype config. file: AMS symbols (b) (RS)
) (./AAA_TTU_MDL_CTG.toc)
\tf@toc=\write4
\openout4 = `AAA_TTU_MDL_CTG.toc'.

LaTeX Font Info:    External font `lmex10' loaded for size
(Font)              <10> on input line 105.
LaTeX Font Info:    External font `lmex10' loaded for size
(Font)              <7> on input line 105.
LaTeX Font Info:    External font `lmex10' loaded for size
(Font)              <5> on input line 105.
[1

{/Users/mahamilton/Library/TinyTeX/texmf-var/fonts/map/pdftex/updmap/pdftex.map}]
LaTeX Font Info:    Trying to load font information for T1+lmtt on input line 119.
(/Users/mahamilton/Library/TinyTeX/texmf-dist/tex/latex/lm/t1lmtt.fd
File: t1lmtt.fd 2015/05/01 v1.6.1 Font defs for Latin Modern
)
Overfull \hbox (289.31726pt too wide) in paragraph at lines 123--123
[]\T1/lmtt/m/n/10 Warning: There were 883 divergent transitions after warmup. Increasing adapt_delta above 0.8 may help. See http://mc-stan.org/misc/warnings.html#divergent-transitions-after-warmup[] 
 []

[2

]
<../../../Output/G_Shareable/Models/K10_1_GLM_GSN_LOG_coefs.png, id=90, 1806.75pt x 1806.75pt>
File: ../../../Output/G_Shareable/Models/K10_1_GLM_GSN_LOG_coefs.png Graphic file (type png)
<use ../../../Output/G_Shareable/Models/K10_1_GLM_GSN_LOG_coefs.png>
Package pdftex.def Info: ../../../Output/G_Shareable/Models/K10_1_GLM_GSN_LOG_coefs.png  used on input line 181.
(pdftex.def)             Requested size: 401.4837pt x 401.4837pt.
<../../../Output/G_Shareable/Models/K10_1_GLM_GSN_LOG_dnst.png, id=92, 1806.75pt x 1505.625pt>
File: ../../../Output/G_Shareable/Models/K10_1_GLM_GSN_LOG_dnst.png Graphic file (type png)
<use ../../../Output/G_Shareable/Models/K10_1_GLM_GSN_LOG_dnst.png>
Package pdftex.def Info: ../../../Output/G_Shareable/Models/K10_1_GLM_GSN_LOG_dnst.png  used on input line 184.
(pdftex.def)             Requested size: 401.4837pt x 334.56975pt.
<../../../Output/G_Shareable/Models/K10_1_GLM_GSN_LOG_sctr_plt.png, id=93, 1806.75pt x 1505.625pt>
File: ../../../Output/G_Shareable/Models/K10_1_GLM_GSN_LOG_sctr_plt.png Graphic file (type png)
<use ../../../Output/G_Shareable/Models/K10_1_GLM_GSN_LOG_sctr_plt.png>
Package pdftex.def Info: ../../../Output/G_Shareable/Models/K10_1_GLM_GSN_LOG_sctr_plt.png  used on input line 187.
(pdftex.def)             Requested size: 401.4837pt x 334.56975pt.
[3

 <../../../Output/G_Shareable/Models/K10_1_GLM_GSN_LOG_coefs.png>]
<../../../Output/G_Shareable/Models/K10_1_GLM_GSN_LOG_sim_dnst.png, id=100, 1806.75pt x 1505.625pt>
File: ../../../Output/G_Shareable/Models/K10_1_GLM_GSN_LOG_sim_dnst.png Graphic file (type png)
<use ../../../Output/G_Shareable/Models/K10_1_GLM_GSN_LOG_sim_dnst.png>
Package pdftex.def Info: ../../../Output/G_Shareable/Models/K10_1_GLM_GSN_LOG_sim_dnst.png  used on input line 190.
(pdftex.def)             Requested size: 401.4837pt x 334.56975pt.
[4 <../../../Output/G_Shareable/Models/K10_1_GLM_GSN_LOG_dnst.png>]
<../../../Output/G_Shareable/Models/K10_1_GLM_GSN_LOG_sim_sctr.png, id=107, 1806.75pt x 1505.625pt>
File: ../../../Output/G_Shareable/Models/K10_1_GLM_GSN_LOG_sim_sctr.png Graphic file (type png)
<use ../../../Output/G_Shareable/Models/K10_1_GLM_GSN_LOG_sim_sctr.png>
Package pdftex.def Info: ../../../Output/G_Shareable/Models/K10_1_GLM_GSN_LOG_sim_sctr.png  used on input line 193.
(pdftex.def)             Requested size: 401.4837pt x 334.56975pt.
[5 <../../../Output/G_Shareable/Models/K10_1_GLM_GSN_LOG_sctr_plt.png>]
<../../../Output/G_Shareable/Models/K10_1_GLM_GSN_LOG_cnstrd_dnst.png, id=114, 1806.75pt x 1505.625pt>
File: ../../../Output/G_Shareable/Models/K10_1_GLM_GSN_LOG_cnstrd_dnst.png Graphic file (type png)
<use ../../../Output/G_Shareable/Models/K10_1_GLM_GSN_LOG_cnstrd_dnst.png>
Package pdftex.def Info: ../../../Output/G_Shareable/Models/K10_1_GLM_GSN_LOG_cnstrd_dnst.png  used on input line 196.
(pdftex.def)             Requested size: 401.4837pt x 334.56975pt.
[6 <../../../Output/G_Shareable/Models/K10_1_GLM_GSN_LOG_sim_dnst.png>]
<../../../Output/G_Shareable/Models/K10_1_GLM_GSN_LOG_cnstrd_sctr_plt.png, id=121, 1806.75pt x 1505.625pt>
File: ../../../Output/G_Shareable/Models/K10_1_GLM_GSN_LOG_cnstrd_sctr_plt.png Graphic file (type png)
<use ../../../Output/G_Shareable/Models/K10_1_GLM_GSN_LOG_cnstrd_sctr_plt.png>
Package pdftex.def Info: ../../../Output/G_Shareable/Models/K10_1_GLM_GSN_LOG_cnstrd_sctr_plt.png  used on input line 199.
(pdftex.def)             Requested size: 401.4837pt x 334.56975pt.
[7 <../../../Output/G_Shareable/Models/K10_1_GLM_GSN_LOG_sim_sctr.png>]
<../../../Output/G_Shareable/Models/K10_1_GLM_GSN_LOG_cnstrd_sim_dnst.png, id=129, 1806.75pt x 1505.625pt>
File: ../../../Output/G_Shareable/Models/K10_1_GLM_GSN_LOG_cnstrd_sim_dnst.png Graphic file (type png)
<use ../../../Output/G_Shareable/Models/K10_1_GLM_GSN_LOG_cnstrd_sim_dnst.png>
Package pdftex.def Info: ../../../Output/G_Shareable/Models/K10_1_GLM_GSN_LOG_cnstrd_sim_dnst.png  used on input line 202.
(pdftex.def)             Requested size: 401.4837pt x 334.56975pt.
[8 <../../../Output/G_Shareable/Models/K10_1_GLM_GSN_LOG_cnstrd_dnst.png>]
<../../../Output/G_Shareable/Models/K10_1_GLM_GSN_LOG_cnstrd_sim_sctr.png, id=136, 1806.75pt x 1505.625pt>
File: ../../../Output/G_Shareable/Models/K10_1_GLM_GSN_LOG_cnstrd_sim_sctr.png Graphic file (type png)
<use ../../../Output/G_Shareable/Models/K10_1_GLM_GSN_LOG_cnstrd_sim_sctr.png>
Package pdftex.def Info: ../../../Output/G_Shareable/Models/K10_1_GLM_GSN_LOG_cnstrd_sim_sctr.png  used on input line 205.
(pdftex.def)             Requested size: 401.4837pt x 334.56975pt.
[9 <../../../Output/G_Shareable/Models/K10_1_GLM_GSN_LOG_cnstrd_sctr_plt.png>] [10 <../../../Output/G_Shareable/Models/K10_1_GLM_GSN_LOG_cnstrd_sim_dnst.png>] [11 <../../../Output/G_Shareable/Models/K10_1_GLM_GSN_LOG_cnstrd_sim_sctr.png>]
Overfull \hbox (289.31726pt too wide) in paragraph at lines 220--220
[]\T1/lmtt/m/n/10 Warning: Parts of the model have not converged (some Rhats are > 1.05). Be careful when analysing the results! We recommend running more iterations and/or setting stronger priors.[] 
 []


Overfull \hbox (289.31726pt too wide) in paragraph at lines 224--224
[]\T1/lmtt/m/n/10 Warning: There were 555 divergent transitions after warmup. Increasing adapt_delta above 0.8 may help. See http://mc-stan.org/misc/warnings.html#divergent-transitions-after-warmup[] 
 []

[12

]
<../../../Output/G_Shareable/Models/K10_1_OLS_CLL_coefs.png, id=162, 1806.75pt x 1806.75pt>
File: ../../../Output/G_Shareable/Models/K10_1_OLS_CLL_coefs.png Graphic file (type png)
<use ../../../Output/G_Shareable/Models/K10_1_OLS_CLL_coefs.png>
Package pdftex.def Info: ../../../Output/G_Shareable/Models/K10_1_OLS_CLL_coefs.png  used on input line 282.
(pdftex.def)             Requested size: 401.4837pt x 401.4837pt.
<../../../Output/G_Shareable/Models/K10_1_OLS_CLL_dnst.png, id=163, 1806.75pt x 1505.625pt>
File: ../../../Output/G_Shareable/Models/K10_1_OLS_CLL_dnst.png Graphic file (type png)
<use ../../../Output/G_Shareable/Models/K10_1_OLS_CLL_dnst.png>
Package pdftex.def Info: ../../../Output/G_Shareable/Models/K10_1_OLS_CLL_dnst.png  used on input line 285.
(pdftex.def)             Requested size: 401.4837pt x 334.56975pt.
<../../../Output/G_Shareable/Models/K10_1_OLS_CLL_sctr_plt.png, id=164, 1806.75pt x 1505.625pt>
File: ../../../Output/G_Shareable/Models/K10_1_OLS_CLL_sctr_plt.png Graphic file (type png)
<use ../../../Output/G_Shareable/Models/K10_1_OLS_CLL_sctr_plt.png>
Package pdftex.def Info: ../../../Output/G_Shareable/Models/K10_1_OLS_CLL_sctr_plt.png  used on input line 288.
(pdftex.def)             Requested size: 401.4837pt x 334.56975pt.
[13

 <../../../Output/G_Shareable/Models/K10_1_OLS_CLL_coefs.png>]
<../../../Output/G_Shareable/Models/K10_1_OLS_CLL_sim_dnst.png, id=172, 1806.75pt x 1505.625pt>
File: ../../../Output/G_Shareable/Models/K10_1_OLS_CLL_sim_dnst.png Graphic file (type png)
<use ../../../Output/G_Shareable/Models/K10_1_OLS_CLL_sim_dnst.png>
Package pdftex.def Info: ../../../Output/G_Shareable/Models/K10_1_OLS_CLL_sim_dnst.png  used on input line 291.
(pdftex.def)             Requested size: 401.4837pt x 334.56975pt.
[14 <../../../Output/G_Shareable/Models/K10_1_OLS_CLL_dnst.png>]
<../../../Output/G_Shareable/Models/K10_1_OLS_CLL_sim_sctr.png, id=180, 1806.75pt x 1505.625pt>
File: ../../../Output/G_Shareable/Models/K10_1_OLS_CLL_sim_sctr.png Graphic file (type png)
<use ../../../Output/G_Shareable/Models/K10_1_OLS_CLL_sim_sctr.png>
Package pdftex.def Info: ../../../Output/G_Shareable/Models/K10_1_OLS_CLL_sim_sctr.png  used on input line 294.
(pdftex.def)             Requested size: 401.4837pt x 334.56975pt.
[15 <../../../Output/G_Shareable/Models/K10_1_OLS_CLL_sctr_plt.png>]
<../../../Output/G_Shareable/Models/K10_1_OLS_CLL_cnstrd_dnst.png, id=187, 1806.75pt x 1505.625pt>
File: ../../../Output/G_Shareable/Models/K10_1_OLS_CLL_cnstrd_dnst.png Graphic file (type png)
<use ../../../Output/G_Shareable/Models/K10_1_OLS_CLL_cnstrd_dnst.png>
Package pdftex.def Info: ../../../Output/G_Shareable/Models/K10_1_OLS_CLL_cnstrd_dnst.png  used on input line 297.
(pdftex.def)             Requested size: 401.4837pt x 334.56975pt.
[16 <../../../Output/G_Shareable/Models/K10_1_OLS_CLL_sim_dnst.png>]
<../../../Output/G_Shareable/Models/K10_1_OLS_CLL_cnstrd_sctr_plt.png, id=194, 1806.75pt x 1505.625pt>
File: ../../../Output/G_Shareable/Models/K10_1_OLS_CLL_cnstrd_sctr_plt.png Graphic file (type png)
<use ../../../Output/G_Shareable/Models/K10_1_OLS_CLL_cnstrd_sctr_plt.png>
Package pdftex.def Info: ../../../Output/G_Shareable/Models/K10_1_OLS_CLL_cnstrd_sctr_plt.png  used on input line 300.
(pdftex.def)             Requested size: 401.4837pt x 334.56975pt.
[17 <../../../Output/G_Shareable/Models/K10_1_OLS_CLL_sim_sctr.png>]
<../../../Output/G_Shareable/Models/K10_1_OLS_CLL_cnstrd_sim_dnst.png, id=201, 1806.75pt x 1505.625pt>
File: ../../../Output/G_Shareable/Models/K10_1_OLS_CLL_cnstrd_sim_dnst.png Graphic file (type png)
<use ../../../Output/G_Shareable/Models/K10_1_OLS_CLL_cnstrd_sim_dnst.png>
Package pdftex.def Info: ../../../Output/G_Shareable/Models/K10_1_OLS_CLL_cnstrd_sim_dnst.png  used on input line 303.
(pdftex.def)             Requested size: 401.4837pt x 334.56975pt.
[18 <../../../Output/G_Shareable/Models/K10_1_OLS_CLL_cnstrd_dnst.png>]
<../../../Output/G_Shareable/Models/K10_1_OLS_CLL_cnstrd_sim_sctr.png, id=208, 1806.75pt x 1505.625pt>
File: ../../../Output/G_Shareable/Models/K10_1_OLS_CLL_cnstrd_sim_sctr.png Graphic file (type png)
<use ../../../Output/G_Shareable/Models/K10_1_OLS_CLL_cnstrd_sim_sctr.png>
Package pdftex.def Info: ../../../Output/G_Shareable/Models/K10_1_OLS_CLL_cnstrd_sim_sctr.png  used on input line 306.
(pdftex.def)             Requested size: 401.4837pt x 334.56975pt.
[19 <../../../Output/G_Shareable/Models/K10_1_OLS_CLL_cnstrd_sctr_plt.png>] [20 <../../../Output/G_Shareable/Models/K10_1_OLS_CLL_cnstrd_sim_dnst.png>] [21 <../../../Output/G_Shareable/Models/K10_1_OLS_CLL_cnstrd_sim_sctr.png>]
Overfull \hbox (289.31726pt too wide) in paragraph at lines 321--321
[]\T1/lmtt/m/n/10 Warning: There were 555 divergent transitions after warmup. Increasing adapt_delta above 0.8 may help. See http://mc-stan.org/misc/warnings.html#divergent-transitions-after-warmup[] 
 []

[22

]
<../../../Output/G_Shareable/Models/MLT_1_GLM_GSN_LOG_coefs.png, id=235, 1806.75pt x 1806.75pt>
File: ../../../Output/G_Shareable/Models/MLT_1_GLM_GSN_LOG_coefs.png Graphic file (type png)
<use ../../../Output/G_Shareable/Models/MLT_1_GLM_GSN_LOG_coefs.png>
Package pdftex.def Info: ../../../Output/G_Shareable/Models/MLT_1_GLM_GSN_LOG_coefs.png  used on input line 379.
(pdftex.def)             Requested size: 401.4837pt x 401.4837pt.
<../../../Output/G_Shareable/Models/MLT_1_GLM_GSN_LOG_dnst.png, id=236, 1806.75pt x 1505.625pt>
File: ../../../Output/G_Shareable/Models/MLT_1_GLM_GSN_LOG_dnst.png Graphic file (type png)
<use ../../../Output/G_Shareable/Models/MLT_1_GLM_GSN_LOG_dnst.png>
Package pdftex.def Info: ../../../Output/G_Shareable/Models/MLT_1_GLM_GSN_LOG_dnst.png  used on input line 382.
(pdftex.def)             Requested size: 401.4837pt x 334.56975pt.
<../../../Output/G_Shareable/Models/MLT_1_GLM_GSN_LOG_sctr_plt.png, id=237, 1806.75pt x 1505.625pt>
File: ../../../Output/G_Shareable/Models/MLT_1_GLM_GSN_LOG_sctr_plt.png Graphic file (type png)
<use ../../../Output/G_Shareable/Models/MLT_1_GLM_GSN_LOG_sctr_plt.png>
Package pdftex.def Info: ../../../Output/G_Shareable/Models/MLT_1_GLM_GSN_LOG_sctr_plt.png  used on input line 385.
(pdftex.def)             Requested size: 401.4837pt x 334.56975pt.
[23

 <../../../Output/G_Shareable/Models/MLT_1_GLM_GSN_LOG_coefs.png>]
<../../../Output/G_Shareable/Models/MLT_1_GLM_GSN_LOG_sim_dnst.png, id=244, 1806.75pt x 1505.625pt>
File: ../../../Output/G_Shareable/Models/MLT_1_GLM_GSN_LOG_sim_dnst.png Graphic file (type png)
<use ../../../Output/G_Shareable/Models/MLT_1_GLM_GSN_LOG_sim_dnst.png>
Package pdftex.def Info: ../../../Output/G_Shareable/Models/MLT_1_GLM_GSN_LOG_sim_dnst.png  used on input line 388.
(pdftex.def)             Requested size: 401.4837pt x 334.56975pt.
[24 <../../../Output/G_Shareable/Models/MLT_1_GLM_GSN_LOG_dnst.png>]
<../../../Output/G_Shareable/Models/MLT_1_GLM_GSN_LOG_sim_sctr.png, id=251, 1806.75pt x 1505.625pt>
File: ../../../Output/G_Shareable/Models/MLT_1_GLM_GSN_LOG_sim_sctr.png Graphic file (type png)
<use ../../../Output/G_Shareable/Models/MLT_1_GLM_GSN_LOG_sim_sctr.png>
Package pdftex.def Info: ../../../Output/G_Shareable/Models/MLT_1_GLM_GSN_LOG_sim_sctr.png  used on input line 391.
(pdftex.def)             Requested size: 401.4837pt x 334.56975pt.
[25 <../../../Output/G_Shareable/Models/MLT_1_GLM_GSN_LOG_sctr_plt.png>]
<../../../Output/G_Shareable/Models/MLT_1_GLM_GSN_LOG_cnstrd_dnst.png, id=259, 1806.75pt x 1505.625pt>
File: ../../../Output/G_Shareable/Models/MLT_1_GLM_GSN_LOG_cnstrd_dnst.png Graphic file (type png)
<use ../../../Output/G_Shareable/Models/MLT_1_GLM_GSN_LOG_cnstrd_dnst.png>
Package pdftex.def Info: ../../../Output/G_Shareable/Models/MLT_1_GLM_GSN_LOG_cnstrd_dnst.png  used on input line 394.
(pdftex.def)             Requested size: 401.4837pt x 334.56975pt.
[26 <../../../Output/G_Shareable/Models/MLT_1_GLM_GSN_LOG_sim_dnst.png>]
<../../../Output/G_Shareable/Models/MLT_1_GLM_GSN_LOG_cnstrd_sctr_plt.png, id=266, 1806.75pt x 1505.625pt>
File: ../../../Output/G_Shareable/Models/MLT_1_GLM_GSN_LOG_cnstrd_sctr_plt.png Graphic file (type png)
<use ../../../Output/G_Shareable/Models/MLT_1_GLM_GSN_LOG_cnstrd_sctr_plt.png>
Package pdftex.def Info: ../../../Output/G_Shareable/Models/MLT_1_GLM_GSN_LOG_cnstrd_sctr_plt.png  used on input line 397.
(pdftex.def)             Requested size: 401.4837pt x 334.56975pt.
[27 <../../../Output/G_Shareable/Models/MLT_1_GLM_GSN_LOG_sim_sctr.png>]
<../../../Output/G_Shareable/Models/MLT_1_GLM_GSN_LOG_cnstrd_sim_dnst.png, id=273, 1806.75pt x 1505.625pt>
File: ../../../Output/G_Shareable/Models/MLT_1_GLM_GSN_LOG_cnstrd_sim_dnst.png Graphic file (type png)
<use ../../../Output/G_Shareable/Models/MLT_1_GLM_GSN_LOG_cnstrd_sim_dnst.png>
Package pdftex.def Info: ../../../Output/G_Shareable/Models/MLT_1_GLM_GSN_LOG_cnstrd_sim_dnst.png  used on input line 400.
(pdftex.def)             Requested size: 401.4837pt x 334.56975pt.
[28 <../../../Output/G_Shareable/Models/MLT_1_GLM_GSN_LOG_cnstrd_dnst.png>]
<../../../Output/G_Shareable/Models/MLT_1_GLM_GSN_LOG_cnstrd_sim_sctr.png, id=280, 1806.75pt x 1505.625pt>
File: ../../../Output/G_Shareable/Models/MLT_1_GLM_GSN_LOG_cnstrd_sim_sctr.png Graphic file (type png)
<use ../../../Output/G_Shareable/Models/MLT_1_GLM_GSN_LOG_cnstrd_sim_sctr.png>
Package pdftex.def Info: ../../../Output/G_Shareable/Models/MLT_1_GLM_GSN_LOG_cnstrd_sim_sctr.png  used on input line 403.
(pdftex.def)             Requested size: 401.4837pt x 334.56975pt.
[29 <../../../Output/G_Shareable/Models/MLT_1_GLM_GSN_LOG_cnstrd_sctr_plt.png>] [30 <../../../Output/G_Shareable/Models/MLT_1_GLM_GSN_LOG_cnstrd_sim_dnst.png>] [31 <../../../Output/G_Shareable/Models/MLT_1_GLM_GSN_LOG_cnstrd_sim_sctr.png>]
Overfull \hbox (289.31726pt too wide) in paragraph at lines 418--418
[]\T1/lmtt/m/n/10 Warning: Parts of the model have not converged (some Rhats are > 1.05). Be careful when analysing the results! We recommend running more iterations and/or setting stronger priors.[] 
 []


Overfull \hbox (289.31726pt too wide) in paragraph at lines 422--422
[]\T1/lmtt/m/n/10 Warning: There were 576 divergent transitions after warmup. Increasing adapt_delta above 0.8 may help. See http://mc-stan.org/misc/warnings.html#divergent-transitions-after-warmup[] 
 []

[32

]
<../../../Output/G_Shareable/Models/MLT_1_OLS_CLL_coefs.png, id=307, 1806.75pt x 1806.75pt>
File: ../../../Output/G_Shareable/Models/MLT_1_OLS_CLL_coefs.png Graphic file (type png)
<use ../../../Output/G_Shareable/Models/MLT_1_OLS_CLL_coefs.png>
Package pdftex.def Info: ../../../Output/G_Shareable/Models/MLT_1_OLS_CLL_coefs.png  used on input line 480.
(pdftex.def)             Requested size: 401.4837pt x 401.4837pt.
<../../../Output/G_Shareable/Models/MLT_1_OLS_CLL_dnst.png, id=308, 1806.75pt x 1505.625pt>
File: ../../../Output/G_Shareable/Models/MLT_1_OLS_CLL_dnst.png Graphic file (type png)
<use ../../../Output/G_Shareable/Models/MLT_1_OLS_CLL_dnst.png>
Package pdftex.def Info: ../../../Output/G_Shareable/Models/MLT_1_OLS_CLL_dnst.png  used on input line 483.
(pdftex.def)             Requested size: 401.4837pt x 334.56975pt.
<../../../Output/G_Shareable/Models/MLT_1_OLS_CLL_sctr_plt.png, id=309, 1806.75pt x 1505.625pt>
File: ../../../Output/G_Shareable/Models/MLT_1_OLS_CLL_sctr_plt.png Graphic file (type png)
<use ../../../Output/G_Shareable/Models/MLT_1_OLS_CLL_sctr_plt.png>
Package pdftex.def Info: ../../../Output/G_Shareable/Models/MLT_1_OLS_CLL_sctr_plt.png  used on input line 486.
(pdftex.def)             Requested size: 401.4837pt x 334.56975pt.
[33

 <../../../Output/G_Shareable/Models/MLT_1_OLS_CLL_coefs.png>]
<../../../Output/G_Shareable/Models/MLT_1_OLS_CLL_sim_dnst.png, id=316, 1806.75pt x 1505.625pt>
File: ../../../Output/G_Shareable/Models/MLT_1_OLS_CLL_sim_dnst.png Graphic file (type png)
<use ../../../Output/G_Shareable/Models/MLT_1_OLS_CLL_sim_dnst.png>
Package pdftex.def Info: ../../../Output/G_Shareable/Models/MLT_1_OLS_CLL_sim_dnst.png  used on input line 489.
(pdftex.def)             Requested size: 401.4837pt x 334.56975pt.
[34 <../../../Output/G_Shareable/Models/MLT_1_OLS_CLL_dnst.png>]
<../../../Output/G_Shareable/Models/MLT_1_OLS_CLL_sim_sctr.png, id=323, 1806.75pt x 1505.625pt>
File: ../../../Output/G_Shareable/Models/MLT_1_OLS_CLL_sim_sctr.png Graphic file (type png)
<use ../../../Output/G_Shareable/Models/MLT_1_OLS_CLL_sim_sctr.png>
Package pdftex.def Info: ../../../Output/G_Shareable/Models/MLT_1_OLS_CLL_sim_sctr.png  used on input line 492.
(pdftex.def)             Requested size: 401.4837pt x 334.56975pt.
[35 <../../../Output/G_Shareable/Models/MLT_1_OLS_CLL_sctr_plt.png>]
<../../../Output/G_Shareable/Models/MLT_1_OLS_CLL_cnstrd_dnst.png, id=330, 1806.75pt x 1505.625pt>
File: ../../../Output/G_Shareable/Models/MLT_1_OLS_CLL_cnstrd_dnst.png Graphic file (type png)
<use ../../../Output/G_Shareable/Models/MLT_1_OLS_CLL_cnstrd_dnst.png>
Package pdftex.def Info: ../../../Output/G_Shareable/Models/MLT_1_OLS_CLL_cnstrd_dnst.png  used on input line 495.
(pdftex.def)             Requested size: 401.4837pt x 334.56975pt.
[36 <../../../Output/G_Shareable/Models/MLT_1_OLS_CLL_sim_dnst.png>]
<../../../Output/G_Shareable/Models/MLT_1_OLS_CLL_cnstrd_sctr_plt.png, id=337, 1806.75pt x 1505.625pt>
File: ../../../Output/G_Shareable/Models/MLT_1_OLS_CLL_cnstrd_sctr_plt.png Graphic file (type png)
<use ../../../Output/G_Shareable/Models/MLT_1_OLS_CLL_cnstrd_sctr_plt.png>
Package pdftex.def Info: ../../../Output/G_Shareable/Models/MLT_1_OLS_CLL_cnstrd_sctr_plt.png  used on input line 498.
(pdftex.def)             Requested size: 401.4837pt x 334.56975pt.
[37 <../../../Output/G_Shareable/Models/MLT_1_OLS_CLL_sim_sctr.png>]
<../../../Output/G_Shareable/Models/MLT_1_OLS_CLL_cnstrd_sim_dnst.png, id=346, 1806.75pt x 1505.625pt>
File: ../../../Output/G_Shareable/Models/MLT_1_OLS_CLL_cnstrd_sim_dnst.png Graphic file (type png)
<use ../../../Output/G_Shareable/Models/MLT_1_OLS_CLL_cnstrd_sim_dnst.png>
Package pdftex.def Info: ../../../Output/G_Shareable/Models/MLT_1_OLS_CLL_cnstrd_sim_dnst.png  used on input line 501.
(pdftex.def)             Requested size: 401.4837pt x 334.56975pt.
[38 <../../../Output/G_Shareable/Models/MLT_1_OLS_CLL_cnstrd_dnst.png>]
<../../../Output/G_Shareable/Models/MLT_1_OLS_CLL_cnstrd_sim_sctr.png, id=353, 1806.75pt x 1505.625pt>
File: ../../../Output/G_Shareable/Models/MLT_1_OLS_CLL_cnstrd_sim_sctr.png Graphic file (type png)
<use ../../../Output/G_Shareable/Models/MLT_1_OLS_CLL_cnstrd_sim_sctr.png>
Package pdftex.def Info: ../../../Output/G_Shareable/Models/MLT_1_OLS_CLL_cnstrd_sim_sctr.png  used on input line 504.
(pdftex.def)             Requested size: 401.4837pt x 334.56975pt.
[39 <../../../Output/G_Shareable/Models/MLT_1_OLS_CLL_cnstrd_sctr_plt.png>] [40 <../../../Output/G_Shareable/Models/MLT_1_OLS_CLL_cnstrd_sim_dnst.png>] [41 <../../../Output/G_Shareable/Models/MLT_1_OLS_CLL_cnstrd_sim_sctr.png>]
Overfull \hbox (289.31726pt too wide) in paragraph at lines 519--519
[]\T1/lmtt/m/n/10 Warning: There were 479 divergent transitions after warmup. Increasing adapt_delta above 0.8 may help. See http://mc-stan.org/misc/warnings.html#divergent-transitions-after-warmup[] 
 []

[42

]
<../../../Output/G_Shareable/Models/SOFAS_1_GLM_GSN_LOG_coefs.png, id=379, 1806.75pt x 1806.75pt>
File: ../../../Output/G_Shareable/Models/SOFAS_1_GLM_GSN_LOG_coefs.png Graphic file (type png)
<use ../../../Output/G_Shareable/Models/SOFAS_1_GLM_GSN_LOG_coefs.png>
Package pdftex.def Info: ../../../Output/G_Shareable/Models/SOFAS_1_GLM_GSN_LOG_coefs.png  used on input line 577.
(pdftex.def)             Requested size: 401.4837pt x 401.4837pt.
<../../../Output/G_Shareable/Models/SOFAS_1_GLM_GSN_LOG_dnst.png, id=380, 1806.75pt x 1505.625pt>
File: ../../../Output/G_Shareable/Models/SOFAS_1_GLM_GSN_LOG_dnst.png Graphic file (type png)
<use ../../../Output/G_Shareable/Models/SOFAS_1_GLM_GSN_LOG_dnst.png>
Package pdftex.def Info: ../../../Output/G_Shareable/Models/SOFAS_1_GLM_GSN_LOG_dnst.png  used on input line 580.
(pdftex.def)             Requested size: 401.4837pt x 334.56975pt.
<../../../Output/G_Shareable/Models/SOFAS_1_GLM_GSN_LOG_sctr_plt.png, id=381, 1806.75pt x 1505.625pt>
File: ../../../Output/G_Shareable/Models/SOFAS_1_GLM_GSN_LOG_sctr_plt.png Graphic file (type png)
<use ../../../Output/G_Shareable/Models/SOFAS_1_GLM_GSN_LOG_sctr_plt.png>
Package pdftex.def Info: ../../../Output/G_Shareable/Models/SOFAS_1_GLM_GSN_LOG_sctr_plt.png  used on input line 583.
(pdftex.def)             Requested size: 401.4837pt x 334.56975pt.
[43

 <../../../Output/G_Shareable/Models/SOFAS_1_GLM_GSN_LOG_coefs.png>]
<../../../Output/G_Shareable/Models/SOFAS_1_GLM_GSN_LOG_sim_dnst.png, id=389, 1806.75pt x 1505.625pt>
File: ../../../Output/G_Shareable/Models/SOFAS_1_GLM_GSN_LOG_sim_dnst.png Graphic file (type png)
<use ../../../Output/G_Shareable/Models/SOFAS_1_GLM_GSN_LOG_sim_dnst.png>
Package pdftex.def Info: ../../../Output/G_Shareable/Models/SOFAS_1_GLM_GSN_LOG_sim_dnst.png  used on input line 586.
(pdftex.def)             Requested size: 401.4837pt x 334.56975pt.
[44 <../../../Output/G_Shareable/Models/SOFAS_1_GLM_GSN_LOG_dnst.png>]
<../../../Output/G_Shareable/Models/SOFAS_1_GLM_GSN_LOG_sim_sctr.png, id=396, 1806.75pt x 1505.625pt>
File: ../../../Output/G_Shareable/Models/SOFAS_1_GLM_GSN_LOG_sim_sctr.png Graphic file (type png)
<use ../../../Output/G_Shareable/Models/SOFAS_1_GLM_GSN_LOG_sim_sctr.png>
Package pdftex.def Info: ../../../Output/G_Shareable/Models/SOFAS_1_GLM_GSN_LOG_sim_sctr.png  used on input line 589.
(pdftex.def)             Requested size: 401.4837pt x 334.56975pt.
[45 <../../../Output/G_Shareable/Models/SOFAS_1_GLM_GSN_LOG_sctr_plt.png>]
<../../../Output/G_Shareable/Models/SOFAS_1_GLM_GSN_LOG_cnstrd_dnst.png, id=403, 1806.75pt x 1505.625pt>
File: ../../../Output/G_Shareable/Models/SOFAS_1_GLM_GSN_LOG_cnstrd_dnst.png Graphic file (type png)
<use ../../../Output/G_Shareable/Models/SOFAS_1_GLM_GSN_LOG_cnstrd_dnst.png>
Package pdftex.def Info: ../../../Output/G_Shareable/Models/SOFAS_1_GLM_GSN_LOG_cnstrd_dnst.png  used on input line 592.
(pdftex.def)             Requested size: 401.4837pt x 334.56975pt.
[46 <../../../Output/G_Shareable/Models/SOFAS_1_GLM_GSN_LOG_sim_dnst.png>]
<../../../Output/G_Shareable/Models/SOFAS_1_GLM_GSN_LOG_cnstrd_sctr_plt.png, id=410, 1806.75pt x 1505.625pt>
File: ../../../Output/G_Shareable/Models/SOFAS_1_GLM_GSN_LOG_cnstrd_sctr_plt.png Graphic file (type png)
<use ../../../Output/G_Shareable/Models/SOFAS_1_GLM_GSN_LOG_cnstrd_sctr_plt.png>
Package pdftex.def Info: ../../../Output/G_Shareable/Models/SOFAS_1_GLM_GSN_LOG_cnstrd_sctr_plt.png  used on input line 595.
(pdftex.def)             Requested size: 401.4837pt x 334.56975pt.
[47 <../../../Output/G_Shareable/Models/SOFAS_1_GLM_GSN_LOG_sim_sctr.png>]
<../../../Output/G_Shareable/Models/SOFAS_1_GLM_GSN_LOG_cnstrd_sim_dnst.png, id=417, 1806.75pt x 1505.625pt>
File: ../../../Output/G_Shareable/Models/SOFAS_1_GLM_GSN_LOG_cnstrd_sim_dnst.png Graphic file (type png)
<use ../../../Output/G_Shareable/Models/SOFAS_1_GLM_GSN_LOG_cnstrd_sim_dnst.png>
Package pdftex.def Info: ../../../Output/G_Shareable/Models/SOFAS_1_GLM_GSN_LOG_cnstrd_sim_dnst.png  used on input line 598.
(pdftex.def)             Requested size: 401.4837pt x 334.56975pt.
[48 <../../../Output/G_Shareable/Models/SOFAS_1_GLM_GSN_LOG_cnstrd_dnst.png>]
<../../../Output/G_Shareable/Models/SOFAS_1_GLM_GSN_LOG_cnstrd_sim_sctr.png, id=424, 1806.75pt x 1505.625pt>
File: ../../../Output/G_Shareable/Models/SOFAS_1_GLM_GSN_LOG_cnstrd_sim_sctr.png Graphic file (type png)
<use ../../../Output/G_Shareable/Models/SOFAS_1_GLM_GSN_LOG_cnstrd_sim_sctr.png>
Package pdftex.def Info: ../../../Output/G_Shareable/Models/SOFAS_1_GLM_GSN_LOG_cnstrd_sim_sctr.png  used on input line 601.
(pdftex.def)             Requested size: 401.4837pt x 334.56975pt.
[49 <../../../Output/G_Shareable/Models/SOFAS_1_GLM_GSN_LOG_cnstrd_sctr_plt.png>] [50 <../../../Output/G_Shareable/Models/SOFAS_1_GLM_GSN_LOG_cnstrd_sim_dnst.png>] [51 <../../../Output/G_Shareable/Models/SOFAS_1_GLM_GSN_LOG_cnstrd_sim_sctr.png>]
Overfull \hbox (289.31726pt too wide) in paragraph at lines 616--616
[]\T1/lmtt/m/n/10 Warning: Parts of the model have not converged (some Rhats are > 1.05). Be careful when analysing the results! We recommend running more iterations and/or setting stronger priors.[] 
 []


Overfull \hbox (289.31726pt too wide) in paragraph at lines 620--620
[]\T1/lmtt/m/n/10 Warning: There were 292 divergent transitions after warmup. Increasing adapt_delta above 0.8 may help. See http://mc-stan.org/misc/warnings.html#divergent-transitions-after-warmup[] 
 []

[52

]
<../../../Output/G_Shareable/Models/SOFAS_1_OLS_CLL_coefs.png, id=451, 1806.75pt x 1806.75pt>
File: ../../../Output/G_Shareable/Models/SOFAS_1_OLS_CLL_coefs.png Graphic file (type png)
<use ../../../Output/G_Shareable/Models/SOFAS_1_OLS_CLL_coefs.png>
Package pdftex.def Info: ../../../Output/G_Shareable/Models/SOFAS_1_OLS_CLL_coefs.png  used on input line 678.
(pdftex.def)             Requested size: 401.4837pt x 401.4837pt.
<../../../Output/G_Shareable/Models/SOFAS_1_OLS_CLL_dnst.png, id=452, 1806.75pt x 1505.625pt>
File: ../../../Output/G_Shareable/Models/SOFAS_1_OLS_CLL_dnst.png Graphic file (type png)
<use ../../../Output/G_Shareable/Models/SOFAS_1_OLS_CLL_dnst.png>
Package pdftex.def Info: ../../../Output/G_Shareable/Models/SOFAS_1_OLS_CLL_dnst.png  used on input line 681.
(pdftex.def)             Requested size: 401.4837pt x 334.56975pt.
<../../../Output/G_Shareable/Models/SOFAS_1_OLS_CLL_sctr_plt.png, id=453, 1806.75pt x 1505.625pt>
File: ../../../Output/G_Shareable/Models/SOFAS_1_OLS_CLL_sctr_plt.png Graphic file (type png)
<use ../../../Output/G_Shareable/Models/SOFAS_1_OLS_CLL_sctr_plt.png>
Package pdftex.def Info: ../../../Output/G_Shareable/Models/SOFAS_1_OLS_CLL_sctr_plt.png  used on input line 684.
(pdftex.def)             Requested size: 401.4837pt x 334.56975pt.
[53

 <../../../Output/G_Shareable/Models/SOFAS_1_OLS_CLL_coefs.png>]
<../../../Output/G_Shareable/Models/SOFAS_1_OLS_CLL_sim_dnst.png, id=460, 1806.75pt x 1505.625pt>
File: ../../../Output/G_Shareable/Models/SOFAS_1_OLS_CLL_sim_dnst.png Graphic file (type png)
<use ../../../Output/G_Shareable/Models/SOFAS_1_OLS_CLL_sim_dnst.png>
Package pdftex.def Info: ../../../Output/G_Shareable/Models/SOFAS_1_OLS_CLL_sim_dnst.png  used on input line 687.
(pdftex.def)             Requested size: 401.4837pt x 334.56975pt.
[54 <../../../Output/G_Shareable/Models/SOFAS_1_OLS_CLL_dnst.png>]
<../../../Output/G_Shareable/Models/SOFAS_1_OLS_CLL_sim_sctr.png, id=467, 1806.75pt x 1505.625pt>
File: ../../../Output/G_Shareable/Models/SOFAS_1_OLS_CLL_sim_sctr.png Graphic file (type png)
<use ../../../Output/G_Shareable/Models/SOFAS_1_OLS_CLL_sim_sctr.png>
Package pdftex.def Info: ../../../Output/G_Shareable/Models/SOFAS_1_OLS_CLL_sim_sctr.png  used on input line 690.
(pdftex.def)             Requested size: 401.4837pt x 334.56975pt.
[55 <../../../Output/G_Shareable/Models/SOFAS_1_OLS_CLL_sctr_plt.png>]
<../../../Output/G_Shareable/Models/SOFAS_1_OLS_CLL_cnstrd_dnst.png, id=475, 1806.75pt x 1505.625pt>
File: ../../../Output/G_Shareable/Models/SOFAS_1_OLS_CLL_cnstrd_dnst.png Graphic file (type png)
<use ../../../Output/G_Shareable/Models/SOFAS_1_OLS_CLL_cnstrd_dnst.png>
Package pdftex.def Info: ../../../Output/G_Shareable/Models/SOFAS_1_OLS_CLL_cnstrd_dnst.png  used on input line 693.
(pdftex.def)             Requested size: 401.4837pt x 334.56975pt.
[56 <../../../Output/G_Shareable/Models/SOFAS_1_OLS_CLL_sim_dnst.png>]
<../../../Output/G_Shareable/Models/SOFAS_1_OLS_CLL_cnstrd_sctr_plt.png, id=482, 1806.75pt x 1505.625pt>
File: ../../../Output/G_Shareable/Models/SOFAS_1_OLS_CLL_cnstrd_sctr_plt.png Graphic file (type png)
<use ../../../Output/G_Shareable/Models/SOFAS_1_OLS_CLL_cnstrd_sctr_plt.png>
Package pdftex.def Info: ../../../Output/G_Shareable/Models/SOFAS_1_OLS_CLL_cnstrd_sctr_plt.png  used on input line 696.
(pdftex.def)             Requested size: 401.4837pt x 334.56975pt.
[57 <../../../Output/G_Shareable/Models/SOFAS_1_OLS_CLL_sim_sctr.png>]
<../../../Output/G_Shareable/Models/SOFAS_1_OLS_CLL_cnstrd_sim_dnst.png, id=489, 1806.75pt x 1505.625pt>
File: ../../../Output/G_Shareable/Models/SOFAS_1_OLS_CLL_cnstrd_sim_dnst.png Graphic file (type png)
<use ../../../Output/G_Shareable/Models/SOFAS_1_OLS_CLL_cnstrd_sim_dnst.png>
Package pdftex.def Info: ../../../Output/G_Shareable/Models/SOFAS_1_OLS_CLL_cnstrd_sim_dnst.png  used on input line 699.
(pdftex.def)             Requested size: 401.4837pt x 334.56975pt.
[58 <../../../Output/G_Shareable/Models/SOFAS_1_OLS_CLL_cnstrd_dnst.png>]
<../../../Output/G_Shareable/Models/SOFAS_1_OLS_CLL_cnstrd_sim_sctr.png, id=496, 1806.75pt x 1505.625pt>
File: ../../../Output/G_Shareable/Models/SOFAS_1_OLS_CLL_cnstrd_sim_sctr.png Graphic file (type png)
<use ../../../Output/G_Shareable/Models/SOFAS_1_OLS_CLL_cnstrd_sim_sctr.png>
Package pdftex.def Info: ../../../Output/G_Shareable/Models/SOFAS_1_OLS_CLL_cnstrd_sim_sctr.png  used on input line 702.
(pdftex.def)             Requested size: 401.4837pt x 334.56975pt.
[59 <../../../Output/G_Shareable/Models/SOFAS_1_OLS_CLL_cnstrd_sctr_plt.png>] [60 <../../../Output/G_Shareable/Models/SOFAS_1_OLS_CLL_cnstrd_sim_dnst.png>] [61 <../../../Output/G_Shareable/Models/SOFAS_1_OLS_CLL_cnstrd_sim_sctr.png>]
Overfull \hbox (289.31726pt too wide) in paragraph at lines 721--721
[]\T1/lmtt/m/n/10 Warning: There were 607 divergent transitions after warmup. Increasing adapt_delta above 0.8 may help. See http://mc-stan.org/misc/warnings.html#divergent-transitions-after-warmup[] 
 []

[62

]
<../../../Output/G_Shareable/Models/K10_dage_1_GLM_GSN_LOG_coefs.png, id=524, 1806.75pt x 1806.75pt>
File: ../../../Output/G_Shareable/Models/K10_dage_1_GLM_GSN_LOG_coefs.png Graphic file (type png)
<use ../../../Output/G_Shareable/Models/K10_dage_1_GLM_GSN_LOG_coefs.png>
Package pdftex.def Info: ../../../Output/G_Shareable/Models/K10_dage_1_GLM_GSN_LOG_coefs.png  used on input line 782.
(pdftex.def)             Requested size: 401.4837pt x 401.4837pt.
<../../../Output/G_Shareable/Models/K10_dage_1_GLM_GSN_LOG_hetg.png, id=525, 1806.75pt x 1806.75pt>
File: ../../../Output/G_Shareable/Models/K10_dage_1_GLM_GSN_LOG_hetg.png Graphic file (type png)
<use ../../../Output/G_Shareable/Models/K10_dage_1_GLM_GSN_LOG_hetg.png>
Package pdftex.def Info: ../../../Output/G_Shareable/Models/K10_dage_1_GLM_GSN_LOG_hetg.png  used on input line 785.
(pdftex.def)             Requested size: 401.4837pt x 401.4837pt.
<../../../Output/G_Shareable/Models/K10_dage_1_GLM_GSN_LOG_dnst.png, id=526, 1806.75pt x 1505.625pt>
File: ../../../Output/G_Shareable/Models/K10_dage_1_GLM_GSN_LOG_dnst.png Graphic file (type png)
<use ../../../Output/G_Shareable/Models/K10_dage_1_GLM_GSN_LOG_dnst.png>
Package pdftex.def Info: ../../../Output/G_Shareable/Models/K10_dage_1_GLM_GSN_LOG_dnst.png  used on input line 788.
(pdftex.def)             Requested size: 401.4837pt x 334.56975pt.
[63

 <../../../Output/G_Shareable/Models/K10_dage_1_GLM_GSN_LOG_coefs.png>]
<../../../Output/G_Shareable/Models/K10_dage_1_GLM_GSN_LOG_sctr_plt.png, id=533, 1806.75pt x 1505.625pt>
File: ../../../Output/G_Shareable/Models/K10_dage_1_GLM_GSN_LOG_sctr_plt.png Graphic file (type png)
<use ../../../Output/G_Shareable/Models/K10_dage_1_GLM_GSN_LOG_sctr_plt.png>
Package pdftex.def Info: ../../../Output/G_Shareable/Models/K10_dage_1_GLM_GSN_LOG_sctr_plt.png  used on input line 791.
(pdftex.def)             Requested size: 401.4837pt x 334.56975pt.
[64 <../../../Output/G_Shareable/Models/K10_dage_1_GLM_GSN_LOG_hetg.png>]
<../../../Output/G_Shareable/Models/K10_dage_1_GLM_GSN_LOG_sim_dnst.png, id=540, 1806.75pt x 1505.625pt>
File: ../../../Output/G_Shareable/Models/K10_dage_1_GLM_GSN_LOG_sim_dnst.png Graphic file (type png)
<use ../../../Output/G_Shareable/Models/K10_dage_1_GLM_GSN_LOG_sim_dnst.png>
Package pdftex.def Info: ../../../Output/G_Shareable/Models/K10_dage_1_GLM_GSN_LOG_sim_dnst.png  used on input line 794.
(pdftex.def)             Requested size: 401.4837pt x 334.56975pt.
[65 <../../../Output/G_Shareable/Models/K10_dage_1_GLM_GSN_LOG_dnst.png>]
<../../../Output/G_Shareable/Models/K10_dage_1_GLM_GSN_LOG_sim_sctr.png, id=547, 1806.75pt x 1505.625pt>
File: ../../../Output/G_Shareable/Models/K10_dage_1_GLM_GSN_LOG_sim_sctr.png Graphic file (type png)
<use ../../../Output/G_Shareable/Models/K10_dage_1_GLM_GSN_LOG_sim_sctr.png>
Package pdftex.def Info: ../../../Output/G_Shareable/Models/K10_dage_1_GLM_GSN_LOG_sim_sctr.png  used on input line 797.
(pdftex.def)             Requested size: 401.4837pt x 334.56975pt.
[66 <../../../Output/G_Shareable/Models/K10_dage_1_GLM_GSN_LOG_sctr_plt.png>]
<../../../Output/G_Shareable/Models/K10_dage_1_GLM_GSN_LOG_cnstrd_dnst.png, id=554, 1806.75pt x 1505.625pt>
File: ../../../Output/G_Shareable/Models/K10_dage_1_GLM_GSN_LOG_cnstrd_dnst.png Graphic file (type png)
<use ../../../Output/G_Shareable/Models/K10_dage_1_GLM_GSN_LOG_cnstrd_dnst.png>
Package pdftex.def Info: ../../../Output/G_Shareable/Models/K10_dage_1_GLM_GSN_LOG_cnstrd_dnst.png  used on input line 800.
(pdftex.def)             Requested size: 401.4837pt x 334.56975pt.
[67 <../../../Output/G_Shareable/Models/K10_dage_1_GLM_GSN_LOG_sim_dnst.png>]
<../../../Output/G_Shareable/Models/K10_dage_1_GLM_GSN_LOG_cnstrd_sctr_plt.png, id=562, 1806.75pt x 1505.625pt>
File: ../../../Output/G_Shareable/Models/K10_dage_1_GLM_GSN_LOG_cnstrd_sctr_plt.png Graphic file (type png)
<use ../../../Output/G_Shareable/Models/K10_dage_1_GLM_GSN_LOG_cnstrd_sctr_plt.png>
Package pdftex.def Info: ../../../Output/G_Shareable/Models/K10_dage_1_GLM_GSN_LOG_cnstrd_sctr_plt.png  used on input line 803.
(pdftex.def)             Requested size: 401.4837pt x 334.56975pt.
[68 <../../../Output/G_Shareable/Models/K10_dage_1_GLM_GSN_LOG_sim_sctr.png>]
<../../../Output/G_Shareable/Models/K10_dage_1_GLM_GSN_LOG_cnstrd_sim_dnst.png, id=569, 1806.75pt x 1505.625pt>
File: ../../../Output/G_Shareable/Models/K10_dage_1_GLM_GSN_LOG_cnstrd_sim_dnst.png Graphic file (type png)
<use ../../../Output/G_Shareable/Models/K10_dage_1_GLM_GSN_LOG_cnstrd_sim_dnst.png>
Package pdftex.def Info: ../../../Output/G_Shareable/Models/K10_dage_1_GLM_GSN_LOG_cnstrd_sim_dnst.png  used on input line 806.
(pdftex.def)             Requested size: 401.4837pt x 334.56975pt.
[69 <../../../Output/G_Shareable/Models/K10_dage_1_GLM_GSN_LOG_cnstrd_dnst.png>]
<../../../Output/G_Shareable/Models/K10_dage_1_GLM_GSN_LOG_cnstrd_sim_sctr.png, id=576, 1806.75pt x 1505.625pt>
File: ../../../Output/G_Shareable/Models/K10_dage_1_GLM_GSN_LOG_cnstrd_sim_sctr.png Graphic file (type png)
<use ../../../Output/G_Shareable/Models/K10_dage_1_GLM_GSN_LOG_cnstrd_sim_sctr.png>
Package pdftex.def Info: ../../../Output/G_Shareable/Models/K10_dage_1_GLM_GSN_LOG_cnstrd_sim_sctr.png  used on input line 809.
(pdftex.def)             Requested size: 401.4837pt x 334.56975pt.
[70 <../../../Output/G_Shareable/Models/K10_dage_1_GLM_GSN_LOG_cnstrd_sctr_plt.png>] [71 <../../../Output/G_Shareable/Models/K10_dage_1_GLM_GSN_LOG_cnstrd_sim_dnst.png>] [72 <../../../Output/G_Shareable/Models/K10_dage_1_GLM_GSN_LOG_cnstrd_sim_sctr.png>]
Overfull \hbox (289.31726pt too wide) in paragraph at lines 828--828
[]\T1/lmtt/m/n/10 Warning: Parts of the model have not converged (some Rhats are > 1.05). Be careful when analysing the results! We recommend running more iterations and/or setting stronger priors.[] 
 []


Overfull \hbox (289.31726pt too wide) in paragraph at lines 832--832
[]\T1/lmtt/m/n/10 Warning: There were 317 divergent transitions after warmup. Increasing adapt_delta above 0.8 may help. See http://mc-stan.org/misc/warnings.html#divergent-transitions-after-warmup[] 
 []

[73

]
<../../../Output/G_Shareable/Models/K10_dage_1_OLS_CLL_coefs.png, id=603, 1806.75pt x 1806.75pt>
File: ../../../Output/G_Shareable/Models/K10_dage_1_OLS_CLL_coefs.png Graphic file (type png)
<use ../../../Output/G_Shareable/Models/K10_dage_1_OLS_CLL_coefs.png>
Package pdftex.def Info: ../../../Output/G_Shareable/Models/K10_dage_1_OLS_CLL_coefs.png  used on input line 893.
(pdftex.def)             Requested size: 401.4837pt x 401.4837pt.
<../../../Output/G_Shareable/Models/K10_dage_1_OLS_CLL_hetg.png, id=604, 1806.75pt x 1806.75pt>
File: ../../../Output/G_Shareable/Models/K10_dage_1_OLS_CLL_hetg.png Graphic file (type png)
<use ../../../Output/G_Shareable/Models/K10_dage_1_OLS_CLL_hetg.png>
Package pdftex.def Info: ../../../Output/G_Shareable/Models/K10_dage_1_OLS_CLL_hetg.png  used on input line 896.
(pdftex.def)             Requested size: 401.4837pt x 401.4837pt.
<../../../Output/G_Shareable/Models/K10_dage_1_OLS_CLL_dnst.png, id=605, 1806.75pt x 1505.625pt>
File: ../../../Output/G_Shareable/Models/K10_dage_1_OLS_CLL_dnst.png Graphic file (type png)
<use ../../../Output/G_Shareable/Models/K10_dage_1_OLS_CLL_dnst.png>
Package pdftex.def Info: ../../../Output/G_Shareable/Models/K10_dage_1_OLS_CLL_dnst.png  used on input line 899.
(pdftex.def)             Requested size: 401.4837pt x 334.56975pt.
[74

 <../../../Output/G_Shareable/Models/K10_dage_1_OLS_CLL_coefs.png>]
<../../../Output/G_Shareable/Models/K10_dage_1_OLS_CLL_sctr_plt.png, id=612, 1806.75pt x 1505.625pt>
File: ../../../Output/G_Shareable/Models/K10_dage_1_OLS_CLL_sctr_plt.png Graphic file (type png)
<use ../../../Output/G_Shareable/Models/K10_dage_1_OLS_CLL_sctr_plt.png>
Package pdftex.def Info: ../../../Output/G_Shareable/Models/K10_dage_1_OLS_CLL_sctr_plt.png  used on input line 902.
(pdftex.def)             Requested size: 401.4837pt x 334.56975pt.
[75 <../../../Output/G_Shareable/Models/K10_dage_1_OLS_CLL_hetg.png>]
<../../../Output/G_Shareable/Models/K10_dage_1_OLS_CLL_sim_dnst.png, id=619, 1806.75pt x 1505.625pt>
File: ../../../Output/G_Shareable/Models/K10_dage_1_OLS_CLL_sim_dnst.png Graphic file (type png)
<use ../../../Output/G_Shareable/Models/K10_dage_1_OLS_CLL_sim_dnst.png>
Package pdftex.def Info: ../../../Output/G_Shareable/Models/K10_dage_1_OLS_CLL_sim_dnst.png  used on input line 905.
(pdftex.def)             Requested size: 401.4837pt x 334.56975pt.
[76 <../../../Output/G_Shareable/Models/K10_dage_1_OLS_CLL_dnst.png>]
<../../../Output/G_Shareable/Models/K10_dage_1_OLS_CLL_sim_sctr.png, id=626, 1806.75pt x 1505.625pt>
File: ../../../Output/G_Shareable/Models/K10_dage_1_OLS_CLL_sim_sctr.png Graphic file (type png)
<use ../../../Output/G_Shareable/Models/K10_dage_1_OLS_CLL_sim_sctr.png>
Package pdftex.def Info: ../../../Output/G_Shareable/Models/K10_dage_1_OLS_CLL_sim_sctr.png  used on input line 908.
(pdftex.def)             Requested size: 401.4837pt x 334.56975pt.
[77 <../../../Output/G_Shareable/Models/K10_dage_1_OLS_CLL_sctr_plt.png>]
<../../../Output/G_Shareable/Models/K10_dage_1_OLS_CLL_cnstrd_dnst.png, id=633, 1806.75pt x 1505.625pt>
File: ../../../Output/G_Shareable/Models/K10_dage_1_OLS_CLL_cnstrd_dnst.png Graphic file (type png)
<use ../../../Output/G_Shareable/Models/K10_dage_1_OLS_CLL_cnstrd_dnst.png>
Package pdftex.def Info: ../../../Output/G_Shareable/Models/K10_dage_1_OLS_CLL_cnstrd_dnst.png  used on input line 911.
(pdftex.def)             Requested size: 401.4837pt x 334.56975pt.
[78 <../../../Output/G_Shareable/Models/K10_dage_1_OLS_CLL_sim_dnst.png>]
<../../../Output/G_Shareable/Models/K10_dage_1_OLS_CLL_cnstrd_sctr_plt.png, id=640, 1806.75pt x 1505.625pt>
File: ../../../Output/G_Shareable/Models/K10_dage_1_OLS_CLL_cnstrd_sctr_plt.png Graphic file (type png)
<use ../../../Output/G_Shareable/Models/K10_dage_1_OLS_CLL_cnstrd_sctr_plt.png>
Package pdftex.def Info: ../../../Output/G_Shareable/Models/K10_dage_1_OLS_CLL_cnstrd_sctr_plt.png  used on input line 914.
(pdftex.def)             Requested size: 401.4837pt x 334.56975pt.
[79 <../../../Output/G_Shareable/Models/K10_dage_1_OLS_CLL_sim_sctr.png>]
<../../../Output/G_Shareable/Models/K10_dage_1_OLS_CLL_cnstrd_sim_dnst.png, id=648, 1806.75pt x 1505.625pt>
File: ../../../Output/G_Shareable/Models/K10_dage_1_OLS_CLL_cnstrd_sim_dnst.png Graphic file (type png)
<use ../../../Output/G_Shareable/Models/K10_dage_1_OLS_CLL_cnstrd_sim_dnst.png>
Package pdftex.def Info: ../../../Output/G_Shareable/Models/K10_dage_1_OLS_CLL_cnstrd_sim_dnst.png  used on input line 917.
(pdftex.def)             Requested size: 401.4837pt x 334.56975pt.
[80 <../../../Output/G_Shareable/Models/K10_dage_1_OLS_CLL_cnstrd_dnst.png>]
<../../../Output/G_Shareable/Models/K10_dage_1_OLS_CLL_cnstrd_sim_sctr.png, id=655, 1806.75pt x 1505.625pt>
File: ../../../Output/G_Shareable/Models/K10_dage_1_OLS_CLL_cnstrd_sim_sctr.png Graphic file (type png)
<use ../../../Output/G_Shareable/Models/K10_dage_1_OLS_CLL_cnstrd_sim_sctr.png>
Package pdftex.def Info: ../../../Output/G_Shareable/Models/K10_dage_1_OLS_CLL_cnstrd_sim_sctr.png  used on input line 920.
(pdftex.def)             Requested size: 401.4837pt x 334.56975pt.
[81 <../../../Output/G_Shareable/Models/K10_dage_1_OLS_CLL_cnstrd_sctr_plt.png>] [82 <../../../Output/G_Shareable/Models/K10_dage_1_OLS_CLL_cnstrd_sim_dnst.png>] [83 <../../../Output/G_Shareable/Models/K10_dage_1_OLS_CLL_cnstrd_sim_sctr.png>]
Overfull \hbox (289.31726pt too wide) in paragraph at lines 939--939
[]\T1/lmtt/m/n/10 Warning: There were 125 divergent transitions after warmup. Increasing adapt_delta above 0.8 may help. See http://mc-stan.org/misc/warnings.html#divergent-transitions-after-warmup[] 
 []

[84

]
<../../../Output/G_Shareable/Models/MLT_dage_1_GLM_GSN_LOG_coefs.png, id=682, 1806.75pt x 1806.75pt>
File: ../../../Output/G_Shareable/Models/MLT_dage_1_GLM_GSN_LOG_coefs.png Graphic file (type png)
<use ../../../Output/G_Shareable/Models/MLT_dage_1_GLM_GSN_LOG_coefs.png>
Package pdftex.def Info: ../../../Output/G_Shareable/Models/MLT_dage_1_GLM_GSN_LOG_coefs.png  used on input line 1000.
(pdftex.def)             Requested size: 401.4837pt x 401.4837pt.
<../../../Output/G_Shareable/Models/MLT_dage_1_GLM_GSN_LOG_hetg.png, id=683, 1806.75pt x 1806.75pt>
File: ../../../Output/G_Shareable/Models/MLT_dage_1_GLM_GSN_LOG_hetg.png Graphic file (type png)
<use ../../../Output/G_Shareable/Models/MLT_dage_1_GLM_GSN_LOG_hetg.png>
Package pdftex.def Info: ../../../Output/G_Shareable/Models/MLT_dage_1_GLM_GSN_LOG_hetg.png  used on input line 1003.
(pdftex.def)             Requested size: 401.4837pt x 401.4837pt.
<../../../Output/G_Shareable/Models/MLT_dage_1_GLM_GSN_LOG_dnst.png, id=684, 1806.75pt x 1505.625pt>
File: ../../../Output/G_Shareable/Models/MLT_dage_1_GLM_GSN_LOG_dnst.png Graphic file (type png)
<use ../../../Output/G_Shareable/Models/MLT_dage_1_GLM_GSN_LOG_dnst.png>
Package pdftex.def Info: ../../../Output/G_Shareable/Models/MLT_dage_1_GLM_GSN_LOG_dnst.png  used on input line 1006.
(pdftex.def)             Requested size: 401.4837pt x 334.56975pt.
[85

 <../../../Output/G_Shareable/Models/MLT_dage_1_GLM_GSN_LOG_coefs.png>]
<../../../Output/G_Shareable/Models/MLT_dage_1_GLM_GSN_LOG_sctr_plt.png, id=692, 1806.75pt x 1505.625pt>
File: ../../../Output/G_Shareable/Models/MLT_dage_1_GLM_GSN_LOG_sctr_plt.png Graphic file (type png)
<use ../../../Output/G_Shareable/Models/MLT_dage_1_GLM_GSN_LOG_sctr_plt.png>
Package pdftex.def Info: ../../../Output/G_Shareable/Models/MLT_dage_1_GLM_GSN_LOG_sctr_plt.png  used on input line 1009.
(pdftex.def)             Requested size: 401.4837pt x 334.56975pt.
[86 <../../../Output/G_Shareable/Models/MLT_dage_1_GLM_GSN_LOG_hetg.png>]
<../../../Output/G_Shareable/Models/MLT_dage_1_GLM_GSN_LOG_sim_dnst.png, id=699, 1806.75pt x 1505.625pt>
File: ../../../Output/G_Shareable/Models/MLT_dage_1_GLM_GSN_LOG_sim_dnst.png Graphic file (type png)
<use ../../../Output/G_Shareable/Models/MLT_dage_1_GLM_GSN_LOG_sim_dnst.png>
Package pdftex.def Info: ../../../Output/G_Shareable/Models/MLT_dage_1_GLM_GSN_LOG_sim_dnst.png  used on input line 1012.
(pdftex.def)             Requested size: 401.4837pt x 334.56975pt.
[87 <../../../Output/G_Shareable/Models/MLT_dage_1_GLM_GSN_LOG_dnst.png>]
<../../../Output/G_Shareable/Models/MLT_dage_1_GLM_GSN_LOG_sim_sctr.png, id=706, 1806.75pt x 1505.625pt>
File: ../../../Output/G_Shareable/Models/MLT_dage_1_GLM_GSN_LOG_sim_sctr.png Graphic file (type png)
<use ../../../Output/G_Shareable/Models/MLT_dage_1_GLM_GSN_LOG_sim_sctr.png>
Package pdftex.def Info: ../../../Output/G_Shareable/Models/MLT_dage_1_GLM_GSN_LOG_sim_sctr.png  used on input line 1015.
(pdftex.def)             Requested size: 401.4837pt x 334.56975pt.
[88 <../../../Output/G_Shareable/Models/MLT_dage_1_GLM_GSN_LOG_sctr_plt.png>]
<../../../Output/G_Shareable/Models/MLT_dage_1_GLM_GSN_LOG_cnstrd_dnst.png, id=713, 1806.75pt x 1505.625pt>
File: ../../../Output/G_Shareable/Models/MLT_dage_1_GLM_GSN_LOG_cnstrd_dnst.png Graphic file (type png)
<use ../../../Output/G_Shareable/Models/MLT_dage_1_GLM_GSN_LOG_cnstrd_dnst.png>
Package pdftex.def Info: ../../../Output/G_Shareable/Models/MLT_dage_1_GLM_GSN_LOG_cnstrd_dnst.png  used on input line 1018.
(pdftex.def)             Requested size: 401.4837pt x 334.56975pt.
[89 <../../../Output/G_Shareable/Models/MLT_dage_1_GLM_GSN_LOG_sim_dnst.png>]
<../../../Output/G_Shareable/Models/MLT_dage_1_GLM_GSN_LOG_cnstrd_sctr_plt.png, id=720, 1806.75pt x 1505.625pt>
File: ../../../Output/G_Shareable/Models/MLT_dage_1_GLM_GSN_LOG_cnstrd_sctr_plt.png Graphic file (type png)
<use ../../../Output/G_Shareable/Models/MLT_dage_1_GLM_GSN_LOG_cnstrd_sctr_plt.png>
Package pdftex.def Info: ../../../Output/G_Shareable/Models/MLT_dage_1_GLM_GSN_LOG_cnstrd_sctr_plt.png  used on input line 1021.
(pdftex.def)             Requested size: 401.4837pt x 334.56975pt.
[90 <../../../Output/G_Shareable/Models/MLT_dage_1_GLM_GSN_LOG_sim_sctr.png>]
<../../../Output/G_Shareable/Models/MLT_dage_1_GLM_GSN_LOG_cnstrd_sim_dnst.png, id=727, 1806.75pt x 1505.625pt>
File: ../../../Output/G_Shareable/Models/MLT_dage_1_GLM_GSN_LOG_cnstrd_sim_dnst.png Graphic file (type png)
<use ../../../Output/G_Shareable/Models/MLT_dage_1_GLM_GSN_LOG_cnstrd_sim_dnst.png>
Package pdftex.def Info: ../../../Output/G_Shareable/Models/MLT_dage_1_GLM_GSN_LOG_cnstrd_sim_dnst.png  used on input line 1024.
(pdftex.def)             Requested size: 401.4837pt x 334.56975pt.
[91 <../../../Output/G_Shareable/Models/MLT_dage_1_GLM_GSN_LOG_cnstrd_dnst.png>]
<../../../Output/G_Shareable/Models/MLT_dage_1_GLM_GSN_LOG_cnstrd_sim_sctr.png, id=735, 1806.75pt x 1505.625pt>
File: ../../../Output/G_Shareable/Models/MLT_dage_1_GLM_GSN_LOG_cnstrd_sim_sctr.png Graphic file (type png)
<use ../../../Output/G_Shareable/Models/MLT_dage_1_GLM_GSN_LOG_cnstrd_sim_sctr.png>
Package pdftex.def Info: ../../../Output/G_Shareable/Models/MLT_dage_1_GLM_GSN_LOG_cnstrd_sim_sctr.png  used on input line 1027.
(pdftex.def)             Requested size: 401.4837pt x 334.56975pt.
[92 <../../../Output/G_Shareable/Models/MLT_dage_1_GLM_GSN_LOG_cnstrd_sctr_plt.png>] [93 <../../../Output/G_Shareable/Models/MLT_dage_1_GLM_GSN_LOG_cnstrd_sim_dnst.png>] [94 <../../../Output/G_Shareable/Models/MLT_dage_1_GLM_GSN_LOG_cnstrd_sim_sctr.png>]
Overfull \hbox (289.31726pt too wide) in paragraph at lines 1046--1046
[]\T1/lmtt/m/n/10 Warning: Parts of the model have not converged (some Rhats are > 1.05). Be careful when analysing the results! We recommend running more iterations and/or setting stronger priors.[] 
 []


Overfull \hbox (294.56725pt too wide) in paragraph at lines 1050--1050
[]\T1/lmtt/m/n/10 Warning: There were 1029 divergent transitions after warmup. Increasing adapt_delta above 0.8 may help. See http://mc-stan.org/misc/warnings.html#divergent-transitions-after-warmup[] 
 []

[95

]
<../../../Output/G_Shareable/Models/MLT_dage_1_OLS_CLL_coefs.png, id=761, 1806.75pt x 1806.75pt>
File: ../../../Output/G_Shareable/Models/MLT_dage_1_OLS_CLL_coefs.png Graphic file (type png)
<use ../../../Output/G_Shareable/Models/MLT_dage_1_OLS_CLL_coefs.png>
Package pdftex.def Info: ../../../Output/G_Shareable/Models/MLT_dage_1_OLS_CLL_coefs.png  used on input line 1111.
(pdftex.def)             Requested size: 401.4837pt x 401.4837pt.
<../../../Output/G_Shareable/Models/MLT_dage_1_OLS_CLL_hetg.png, id=762, 1806.75pt x 1806.75pt>
File: ../../../Output/G_Shareable/Models/MLT_dage_1_OLS_CLL_hetg.png Graphic file (type png)
<use ../../../Output/G_Shareable/Models/MLT_dage_1_OLS_CLL_hetg.png>
Package pdftex.def Info: ../../../Output/G_Shareable/Models/MLT_dage_1_OLS_CLL_hetg.png  used on input line 1114.
(pdftex.def)             Requested size: 401.4837pt x 401.4837pt.
<../../../Output/G_Shareable/Models/MLT_dage_1_OLS_CLL_dnst.png, id=763, 1806.75pt x 1505.625pt>
File: ../../../Output/G_Shareable/Models/MLT_dage_1_OLS_CLL_dnst.png Graphic file (type png)
<use ../../../Output/G_Shareable/Models/MLT_dage_1_OLS_CLL_dnst.png>
Package pdftex.def Info: ../../../Output/G_Shareable/Models/MLT_dage_1_OLS_CLL_dnst.png  used on input line 1117.
(pdftex.def)             Requested size: 401.4837pt x 334.56975pt.
[96

 <../../../Output/G_Shareable/Models/MLT_dage_1_OLS_CLL_coefs.png>]
<../../../Output/G_Shareable/Models/MLT_dage_1_OLS_CLL_sctr_plt.png, id=770, 1806.75pt x 1505.625pt>
File: ../../../Output/G_Shareable/Models/MLT_dage_1_OLS_CLL_sctr_plt.png Graphic file (type png)
<use ../../../Output/G_Shareable/Models/MLT_dage_1_OLS_CLL_sctr_plt.png>
Package pdftex.def Info: ../../../Output/G_Shareable/Models/MLT_dage_1_OLS_CLL_sctr_plt.png  used on input line 1120.
(pdftex.def)             Requested size: 401.4837pt x 334.56975pt.
[97 <../../../Output/G_Shareable/Models/MLT_dage_1_OLS_CLL_hetg.png>]
<../../../Output/G_Shareable/Models/MLT_dage_1_OLS_CLL_sim_dnst.png, id=778, 1806.75pt x 1505.625pt>
File: ../../../Output/G_Shareable/Models/MLT_dage_1_OLS_CLL_sim_dnst.png Graphic file (type png)
<use ../../../Output/G_Shareable/Models/MLT_dage_1_OLS_CLL_sim_dnst.png>
Package pdftex.def Info: ../../../Output/G_Shareable/Models/MLT_dage_1_OLS_CLL_sim_dnst.png  used on input line 1123.
(pdftex.def)             Requested size: 401.4837pt x 334.56975pt.
[98 <../../../Output/G_Shareable/Models/MLT_dage_1_OLS_CLL_dnst.png>]
<../../../Output/G_Shareable/Models/MLT_dage_1_OLS_CLL_sim_sctr.png, id=785, 1806.75pt x 1505.625pt>
File: ../../../Output/G_Shareable/Models/MLT_dage_1_OLS_CLL_sim_sctr.png Graphic file (type png)
<use ../../../Output/G_Shareable/Models/MLT_dage_1_OLS_CLL_sim_sctr.png>
Package pdftex.def Info: ../../../Output/G_Shareable/Models/MLT_dage_1_OLS_CLL_sim_sctr.png  used on input line 1126.
(pdftex.def)             Requested size: 401.4837pt x 334.56975pt.
[99 <../../../Output/G_Shareable/Models/MLT_dage_1_OLS_CLL_sctr_plt.png>]
<../../../Output/G_Shareable/Models/MLT_dage_1_OLS_CLL_cnstrd_dnst.png, id=792, 1806.75pt x 1505.625pt>
File: ../../../Output/G_Shareable/Models/MLT_dage_1_OLS_CLL_cnstrd_dnst.png Graphic file (type png)
<use ../../../Output/G_Shareable/Models/MLT_dage_1_OLS_CLL_cnstrd_dnst.png>
Package pdftex.def Info: ../../../Output/G_Shareable/Models/MLT_dage_1_OLS_CLL_cnstrd_dnst.png  used on input line 1129.
(pdftex.def)             Requested size: 401.4837pt x 334.56975pt.
[100 <../../../Output/G_Shareable/Models/MLT_dage_1_OLS_CLL_sim_dnst.png>]
<../../../Output/G_Shareable/Models/MLT_dage_1_OLS_CLL_cnstrd_sctr_plt.png, id=799, 1806.75pt x 1505.625pt>
File: ../../../Output/G_Shareable/Models/MLT_dage_1_OLS_CLL_cnstrd_sctr_plt.png Graphic file (type png)
<use ../../../Output/G_Shareable/Models/MLT_dage_1_OLS_CLL_cnstrd_sctr_plt.png>
Package pdftex.def Info: ../../../Output/G_Shareable/Models/MLT_dage_1_OLS_CLL_cnstrd_sctr_plt.png  used on input line 1132.
(pdftex.def)             Requested size: 401.4837pt x 334.56975pt.
[101 <../../../Output/G_Shareable/Models/MLT_dage_1_OLS_CLL_sim_sctr.png>]
<../../../Output/G_Shareable/Models/MLT_dage_1_OLS_CLL_cnstrd_sim_dnst.png, id=806, 1806.75pt x 1505.625pt>
File: ../../../Output/G_Shareable/Models/MLT_dage_1_OLS_CLL_cnstrd_sim_dnst.png Graphic file (type png)
<use ../../../Output/G_Shareable/Models/MLT_dage_1_OLS_CLL_cnstrd_sim_dnst.png>
Package pdftex.def Info: ../../../Output/G_Shareable/Models/MLT_dage_1_OLS_CLL_cnstrd_sim_dnst.png  used on input line 1135.
(pdftex.def)             Requested size: 401.4837pt x 334.56975pt.
[102 <../../../Output/G_Shareable/Models/MLT_dage_1_OLS_CLL_cnstrd_dnst.png>]
<../../../Output/G_Shareable/Models/MLT_dage_1_OLS_CLL_cnstrd_sim_sctr.png, id=813, 1806.75pt x 1505.625pt>
File: ../../../Output/G_Shareable/Models/MLT_dage_1_OLS_CLL_cnstrd_sim_sctr.png Graphic file (type png)
<use ../../../Output/G_Shareable/Models/MLT_dage_1_OLS_CLL_cnstrd_sim_sctr.png>
Package pdftex.def Info: ../../../Output/G_Shareable/Models/MLT_dage_1_OLS_CLL_cnstrd_sim_sctr.png  used on input line 1138.
(pdftex.def)             Requested size: 401.4837pt x 334.56975pt.
[103 <../../../Output/G_Shareable/Models/MLT_dage_1_OLS_CLL_cnstrd_sctr_plt.png>] [104 <../../../Output/G_Shareable/Models/MLT_dage_1_OLS_CLL_cnstrd_sim_dnst.png>] [105 <../../../Output/G_Shareable/Models/MLT_dage_1_OLS_CLL_cnstrd_sim_sctr.png>]
Overfull \hbox (289.31726pt too wide) in paragraph at lines 1157--1157
[]\T1/lmtt/m/n/10 Warning: There were 577 divergent transitions after warmup. Increasing adapt_delta above 0.8 may help. See http://mc-stan.org/misc/warnings.html#divergent-transitions-after-warmup[] 
 []

[106

]
<../../../Output/G_Shareable/Models/SOFAS_dage_1_GLM_GSN_LOG_coefs.png, id=840, 1806.75pt x 1806.75pt>
File: ../../../Output/G_Shareable/Models/SOFAS_dage_1_GLM_GSN_LOG_coefs.png Graphic file (type png)
<use ../../../Output/G_Shareable/Models/SOFAS_dage_1_GLM_GSN_LOG_coefs.png>
Package pdftex.def Info: ../../../Output/G_Shareable/Models/SOFAS_dage_1_GLM_GSN_LOG_coefs.png  used on input line 1218.
(pdftex.def)             Requested size: 401.4837pt x 401.4837pt.
<../../../Output/G_Shareable/Models/SOFAS_dage_1_GLM_GSN_LOG_hetg.png, id=841, 1806.75pt x 1806.75pt>
File: ../../../Output/G_Shareable/Models/SOFAS_dage_1_GLM_GSN_LOG_hetg.png Graphic file (type png)
<use ../../../Output/G_Shareable/Models/SOFAS_dage_1_GLM_GSN_LOG_hetg.png>
Package pdftex.def Info: ../../../Output/G_Shareable/Models/SOFAS_dage_1_GLM_GSN_LOG_hetg.png  used on input line 1221.
(pdftex.def)             Requested size: 401.4837pt x 401.4837pt.
<../../../Output/G_Shareable/Models/SOFAS_dage_1_GLM_GSN_LOG_dnst.png, id=842, 1806.75pt x 1505.625pt>
File: ../../../Output/G_Shareable/Models/SOFAS_dage_1_GLM_GSN_LOG_dnst.png Graphic file (type png)
<use ../../../Output/G_Shareable/Models/SOFAS_dage_1_GLM_GSN_LOG_dnst.png>
Package pdftex.def Info: ../../../Output/G_Shareable/Models/SOFAS_dage_1_GLM_GSN_LOG_dnst.png  used on input line 1224.
(pdftex.def)             Requested size: 401.4837pt x 334.56975pt.
[107

 <../../../Output/G_Shareable/Models/SOFAS_dage_1_GLM_GSN_LOG_coefs.png>]
<../../../Output/G_Shareable/Models/SOFAS_dage_1_GLM_GSN_LOG_sctr_plt.png, id=850, 1806.75pt x 1505.625pt>
File: ../../../Output/G_Shareable/Models/SOFAS_dage_1_GLM_GSN_LOG_sctr_plt.png Graphic file (type png)
<use ../../../Output/G_Shareable/Models/SOFAS_dage_1_GLM_GSN_LOG_sctr_plt.png>
Package pdftex.def Info: ../../../Output/G_Shareable/Models/SOFAS_dage_1_GLM_GSN_LOG_sctr_plt.png  used on input line 1227.
(pdftex.def)             Requested size: 401.4837pt x 334.56975pt.
[108 <../../../Output/G_Shareable/Models/SOFAS_dage_1_GLM_GSN_LOG_hetg.png>]
<../../../Output/G_Shareable/Models/SOFAS_dage_1_GLM_GSN_LOG_sim_dnst.png, id=857, 1806.75pt x 1505.625pt>
File: ../../../Output/G_Shareable/Models/SOFAS_dage_1_GLM_GSN_LOG_sim_dnst.png Graphic file (type png)
<use ../../../Output/G_Shareable/Models/SOFAS_dage_1_GLM_GSN_LOG_sim_dnst.png>
Package pdftex.def Info: ../../../Output/G_Shareable/Models/SOFAS_dage_1_GLM_GSN_LOG_sim_dnst.png  used on input line 1230.
(pdftex.def)             Requested size: 401.4837pt x 334.56975pt.
[109 <../../../Output/G_Shareable/Models/SOFAS_dage_1_GLM_GSN_LOG_dnst.png>]
<../../../Output/G_Shareable/Models/SOFAS_dage_1_GLM_GSN_LOG_sim_sctr.png, id=865, 1806.75pt x 1505.625pt>
File: ../../../Output/G_Shareable/Models/SOFAS_dage_1_GLM_GSN_LOG_sim_sctr.png Graphic file (type png)
<use ../../../Output/G_Shareable/Models/SOFAS_dage_1_GLM_GSN_LOG_sim_sctr.png>
Package pdftex.def Info: ../../../Output/G_Shareable/Models/SOFAS_dage_1_GLM_GSN_LOG_sim_sctr.png  used on input line 1233.
(pdftex.def)             Requested size: 401.4837pt x 334.56975pt.
[110 <../../../Output/G_Shareable/Models/SOFAS_dage_1_GLM_GSN_LOG_sctr_plt.png>]
<../../../Output/G_Shareable/Models/SOFAS_dage_1_GLM_GSN_LOG_cnstrd_dnst.png, id=872, 1806.75pt x 1505.625pt>
File: ../../../Output/G_Shareable/Models/SOFAS_dage_1_GLM_GSN_LOG_cnstrd_dnst.png Graphic file (type png)
<use ../../../Output/G_Shareable/Models/SOFAS_dage_1_GLM_GSN_LOG_cnstrd_dnst.png>
Package pdftex.def Info: ../../../Output/G_Shareable/Models/SOFAS_dage_1_GLM_GSN_LOG_cnstrd_dnst.png  used on input line 1236.
(pdftex.def)             Requested size: 401.4837pt x 334.56975pt.
[111 <../../../Output/G_Shareable/Models/SOFAS_dage_1_GLM_GSN_LOG_sim_dnst.png>]
<../../../Output/G_Shareable/Models/SOFAS_dage_1_GLM_GSN_LOG_cnstrd_sctr_plt.png, id=879, 1806.75pt x 1505.625pt>
File: ../../../Output/G_Shareable/Models/SOFAS_dage_1_GLM_GSN_LOG_cnstrd_sctr_plt.png Graphic file (type png)
<use ../../../Output/G_Shareable/Models/SOFAS_dage_1_GLM_GSN_LOG_cnstrd_sctr_plt.png>
Package pdftex.def Info: ../../../Output/G_Shareable/Models/SOFAS_dage_1_GLM_GSN_LOG_cnstrd_sctr_plt.png  used on input line 1239.
(pdftex.def)             Requested size: 401.4837pt x 334.56975pt.
[112 <../../../Output/G_Shareable/Models/SOFAS_dage_1_GLM_GSN_LOG_sim_sctr.png>]
<../../../Output/G_Shareable/Models/SOFAS_dage_1_GLM_GSN_LOG_cnstrd_sim_dnst.png, id=886, 1806.75pt x 1505.625pt>
File: ../../../Output/G_Shareable/Models/SOFAS_dage_1_GLM_GSN_LOG_cnstrd_sim_dnst.png Graphic file (type png)
<use ../../../Output/G_Shareable/Models/SOFAS_dage_1_GLM_GSN_LOG_cnstrd_sim_dnst.png>
Package pdftex.def Info: ../../../Output/G_Shareable/Models/SOFAS_dage_1_GLM_GSN_LOG_cnstrd_sim_dnst.png  used on input line 1242.
(pdftex.def)             Requested size: 401.4837pt x 334.56975pt.
[113 <../../../Output/G_Shareable/Models/SOFAS_dage_1_GLM_GSN_LOG_cnstrd_dnst.png>]
<../../../Output/G_Shareable/Models/SOFAS_dage_1_GLM_GSN_LOG_cnstrd_sim_sctr.png, id=893, 1806.75pt x 1505.625pt>
File: ../../../Output/G_Shareable/Models/SOFAS_dage_1_GLM_GSN_LOG_cnstrd_sim_sctr.png Graphic file (type png)
<use ../../../Output/G_Shareable/Models/SOFAS_dage_1_GLM_GSN_LOG_cnstrd_sim_sctr.png>
Package pdftex.def Info: ../../../Output/G_Shareable/Models/SOFAS_dage_1_GLM_GSN_LOG_cnstrd_sim_sctr.png  used on input line 1245.
(pdftex.def)             Requested size: 401.4837pt x 334.56975pt.
[114 <../../../Output/G_Shareable/Models/SOFAS_dage_1_GLM_GSN_LOG_cnstrd_sctr_plt.png>] [115 <../../../Output/G_Shareable/Models/SOFAS_dage_1_GLM_GSN_LOG_cnstrd_sim_dnst.png>] [116 <../../../Output/G_Shareable/Models/SOFAS_dage_1_GLM_GSN_LOG_cnstrd_sim_sctr.png>]
Overfull \hbox (289.31726pt too wide) in paragraph at lines 1264--1264
[]\T1/lmtt/m/n/10 Warning: Parts of the model have not converged (some Rhats are > 1.05). Be careful when analysing the results! We recommend running more iterations and/or setting stronger priors.[] 
 []


Overfull \hbox (289.31726pt too wide) in paragraph at lines 1268--1268
[]\T1/lmtt/m/n/10 Warning: There were 876 divergent transitions after warmup. Increasing adapt_delta above 0.8 may help. See http://mc-stan.org/misc/warnings.html#divergent-transitions-after-warmup[] 
 []

[117

]
<../../../Output/G_Shareable/Models/SOFAS_dage_1_OLS_CLL_coefs.png, id=920, 1806.75pt x 1806.75pt>
File: ../../../Output/G_Shareable/Models/SOFAS_dage_1_OLS_CLL_coefs.png Graphic file (type png)
<use ../../../Output/G_Shareable/Models/SOFAS_dage_1_OLS_CLL_coefs.png>
Package pdftex.def Info: ../../../Output/G_Shareable/Models/SOFAS_dage_1_OLS_CLL_coefs.png  used on input line 1329.
(pdftex.def)             Requested size: 401.4837pt x 401.4837pt.
<../../../Output/G_Shareable/Models/SOFAS_dage_1_OLS_CLL_hetg.png, id=921, 1806.75pt x 1806.75pt>
File: ../../../Output/G_Shareable/Models/SOFAS_dage_1_OLS_CLL_hetg.png Graphic file (type png)
<use ../../../Output/G_Shareable/Models/SOFAS_dage_1_OLS_CLL_hetg.png>
Package pdftex.def Info: ../../../Output/G_Shareable/Models/SOFAS_dage_1_OLS_CLL_hetg.png  used on input line 1332.
(pdftex.def)             Requested size: 401.4837pt x 401.4837pt.
<../../../Output/G_Shareable/Models/SOFAS_dage_1_OLS_CLL_dnst.png, id=922, 1806.75pt x 1505.625pt>
File: ../../../Output/G_Shareable/Models/SOFAS_dage_1_OLS_CLL_dnst.png Graphic file (type png)
<use ../../../Output/G_Shareable/Models/SOFAS_dage_1_OLS_CLL_dnst.png>
Package pdftex.def Info: ../../../Output/G_Shareable/Models/SOFAS_dage_1_OLS_CLL_dnst.png  used on input line 1335.
(pdftex.def)             Requested size: 401.4837pt x 334.56975pt.
[118

 <../../../Output/G_Shareable/Models/SOFAS_dage_1_OLS_CLL_coefs.png>]
<../../../Output/G_Shareable/Models/SOFAS_dage_1_OLS_CLL_sctr_plt.png, id=929, 1806.75pt x 1505.625pt>
File: ../../../Output/G_Shareable/Models/SOFAS_dage_1_OLS_CLL_sctr_plt.png Graphic file (type png)
<use ../../../Output/G_Shareable/Models/SOFAS_dage_1_OLS_CLL_sctr_plt.png>
Package pdftex.def Info: ../../../Output/G_Shareable/Models/SOFAS_dage_1_OLS_CLL_sctr_plt.png  used on input line 1338.
(pdftex.def)             Requested size: 401.4837pt x 334.56975pt.
[119 <../../../Output/G_Shareable/Models/SOFAS_dage_1_OLS_CLL_hetg.png>]
<../../../Output/G_Shareable/Models/SOFAS_dage_1_OLS_CLL_sim_dnst.png, id=936, 1806.75pt x 1505.625pt>
File: ../../../Output/G_Shareable/Models/SOFAS_dage_1_OLS_CLL_sim_dnst.png Graphic file (type png)
<use ../../../Output/G_Shareable/Models/SOFAS_dage_1_OLS_CLL_sim_dnst.png>
Package pdftex.def Info: ../../../Output/G_Shareable/Models/SOFAS_dage_1_OLS_CLL_sim_dnst.png  used on input line 1341.
(pdftex.def)             Requested size: 401.4837pt x 334.56975pt.
[120 <../../../Output/G_Shareable/Models/SOFAS_dage_1_OLS_CLL_dnst.png>]
<../../../Output/G_Shareable/Models/SOFAS_dage_1_OLS_CLL_sim_sctr.png, id=943, 1806.75pt x 1505.625pt>
File: ../../../Output/G_Shareable/Models/SOFAS_dage_1_OLS_CLL_sim_sctr.png Graphic file (type png)
<use ../../../Output/G_Shareable/Models/SOFAS_dage_1_OLS_CLL_sim_sctr.png>
Package pdftex.def Info: ../../../Output/G_Shareable/Models/SOFAS_dage_1_OLS_CLL_sim_sctr.png  used on input line 1344.
(pdftex.def)             Requested size: 401.4837pt x 334.56975pt.
[121 <../../../Output/G_Shareable/Models/SOFAS_dage_1_OLS_CLL_sctr_plt.png>]
<../../../Output/G_Shareable/Models/SOFAS_dage_1_OLS_CLL_cnstrd_dnst.png, id=951, 1806.75pt x 1505.625pt>
File: ../../../Output/G_Shareable/Models/SOFAS_dage_1_OLS_CLL_cnstrd_dnst.png Graphic file (type png)
<use ../../../Output/G_Shareable/Models/SOFAS_dage_1_OLS_CLL_cnstrd_dnst.png>
Package pdftex.def Info: ../../../Output/G_Shareable/Models/SOFAS_dage_1_OLS_CLL_cnstrd_dnst.png  used on input line 1347.
(pdftex.def)             Requested size: 401.4837pt x 334.56975pt.
[122 <../../../Output/G_Shareable/Models/SOFAS_dage_1_OLS_CLL_sim_dnst.png>]
<../../../Output/G_Shareable/Models/SOFAS_dage_1_OLS_CLL_cnstrd_sctr_plt.png, id=958, 1806.75pt x 1505.625pt>
File: ../../../Output/G_Shareable/Models/SOFAS_dage_1_OLS_CLL_cnstrd_sctr_plt.png Graphic file (type png)
<use ../../../Output/G_Shareable/Models/SOFAS_dage_1_OLS_CLL_cnstrd_sctr_plt.png>
Package pdftex.def Info: ../../../Output/G_Shareable/Models/SOFAS_dage_1_OLS_CLL_cnstrd_sctr_plt.png  used on input line 1350.
(pdftex.def)             Requested size: 401.4837pt x 334.56975pt.
[123 <../../../Output/G_Shareable/Models/SOFAS_dage_1_OLS_CLL_sim_sctr.png>]
<../../../Output/G_Shareable/Models/SOFAS_dage_1_OLS_CLL_cnstrd_sim_dnst.png, id=965, 1806.75pt x 1505.625pt>
File: ../../../Output/G_Shareable/Models/SOFAS_dage_1_OLS_CLL_cnstrd_sim_dnst.png Graphic file (type png)
<use ../../../Output/G_Shareable/Models/SOFAS_dage_1_OLS_CLL_cnstrd_sim_dnst.png>
Package pdftex.def Info: ../../../Output/G_Shareable/Models/SOFAS_dage_1_OLS_CLL_cnstrd_sim_dnst.png  used on input line 1353.
(pdftex.def)             Requested size: 401.4837pt x 334.56975pt.
[124 <../../../Output/G_Shareable/Models/SOFAS_dage_1_OLS_CLL_cnstrd_dnst.png>]
<../../../Output/G_Shareable/Models/SOFAS_dage_1_OLS_CLL_cnstrd_sim_sctr.png, id=972, 1806.75pt x 1505.625pt>
File: ../../../Output/G_Shareable/Models/SOFAS_dage_1_OLS_CLL_cnstrd_sim_sctr.png Graphic file (type png)
<use ../../../Output/G_Shareable/Models/SOFAS_dage_1_OLS_CLL_cnstrd_sim_sctr.png>
Package pdftex.def Info: ../../../Output/G_Shareable/Models/SOFAS_dage_1_OLS_CLL_cnstrd_sim_sctr.png  used on input line 1356.
(pdftex.def)             Requested size: 401.4837pt x 334.56975pt.
[125 <../../../Output/G_Shareable/Models/SOFAS_dage_1_OLS_CLL_cnstrd_sctr_plt.png>] [126 <../../../Output/G_Shareable/Models/SOFAS_dage_1_OLS_CLL_cnstrd_sim_dnst.png>] [127 <../../../Output/G_Shareable/Models/SOFAS_dage_1_OLS_CLL_cnstrd_sim_sctr.png>] (./AAA_TTU_MDL_CTG.aux)

LaTeX Warning: There were multiply-defined labels.

Package rerunfilecheck Info: File `AAA_TTU_MDL_CTG.out' has not changed.
(rerunfilecheck)             Checksum: 81095D270C1B2141D6B9D1E37229AA5D;5362.
 ) 
Here is how much of TeX's memory you used:
 15099 strings out of 477984
 309354 string characters out of 5838151
 1867388 words of memory out of 5000000
 34547 multiletter control sequences out of 15000+600000
 569708 words of font info for 126 fonts, out of 8000000 for 9000
 14 hyphenation exceptions out of 8191
 66i,11n,67p,1123b,528s stack positions out of 10000i,1000n,20000p,200000b,200000s
{/Users/mahamilton/Library/TinyTeX/texmf-dist/fonts/enc/dvips/lm/lm-mathsy.enc}{/Users/mahamilton/Library/TinyTeX/texmf-dist/fonts/enc/dvips/lm/lm-ec.enc}</Users/mahamilton/Library/TinyTeX/texmf-dist/fonts/type1/public/lm/lmbx10.pfb></Users/mahamilton/Library/TinyTeX/texmf-dist/fonts/type1/public/lm/lmbx12.pfb></Users/mahamilton/Library/TinyTeX/texmf-dist/fonts/type1/public/lm/lmr10.pfb></Users/mahamilton/Library/TinyTeX/texmf-dist/fonts/type1/public/lm/lmr12.pfb></Users/mahamilton/Library/TinyTeX/texmf-dist/fonts/type1/public/lm/lmr17.pfb></Users/mahamilton/Library/TinyTeX/texmf-dist/fonts/type1/public/lm/lmr7.pfb></Users/mahamilton/Library/TinyTeX/texmf-dist/fonts/type1/public/lm/lmr8.pfb></Users/mahamilton/Library/TinyTeX/texmf-dist/fonts/type1/public/lm/lmri10.pfb></Users/mahamilton/Library/TinyTeX/texmf-dist/fonts/type1/public/lm/lmsy8.pfb></Users/mahamilton/Library/TinyTeX/texmf-dist/fonts/type1/public/lm/lmtt10.pfb>
Output written on AAA_TTU_MDL_CTG.pdf (127 pages, 30692336 bytes).
PDF statistics:
 1106 PDF objects out of 1200 (max. 8388607)
 721 compressed objects within 8 object streams
 291 named destinations out of 1000 (max. 500000)
 31387 words of extra memory for PDF output out of 35830 (max. 10000000)

